[INFO] Scanning for projects...
[INFO] ------------------------------------------------------------------------
[INFO] Reactor Build Order:
[INFO] 
[INFO] sa-parent                                                          [pom]
[INFO] sa-base                                                            [jar]
[INFO] sa-support                                                         [jar]
[INFO] sa-admin                                                           [jar]
[INFO] 
[INFO] -----------------------< net.lab1024:sa-parent >------------------------
[INFO] Building sa-parent 3.0.0                                           [1/4]
[INFO]   from pom.xml
[INFO] --------------------------------[ pom ]---------------------------------
[INFO] ------------------------------------------------------------------------
[INFO] Reactor Summary for sa-parent 3.0.0:
[INFO] 
[INFO] sa-parent .......................................... FAILURE [  0.013 s]
[INFO] sa-base ............................................ SKIPPED
[INFO] sa-support ......................................... SKIPPED
[INFO] sa-admin ........................................... SKIPPED
[INFO] ------------------------------------------------------------------------
[INFO] BUILD FAILURE
[INFO] ------------------------------------------------------------------------
[INFO] Total time:  0.358 s
[INFO] Finished at: 2025-11-26T11:36:37+08:00
[INFO] ------------------------------------------------------------------------
[ERROR] Unknown lifecycle phase "2". You must specify a valid lifecycle phase or a goal in the format <plugin-prefix>:<goal> or <plugin-group-id>:<plugin-artifact-id>[:<plugin-version>]:<goal>. Available lifecycle phases are: pre-clean, clean, post-clean, validate, initialize, generate-sources, process-sources, generate-resources, process-resources, compile, process-classes, generate-test-sources, process-test-sources, generate-test-resources, process-test-resources, test-compile, process-test-classes, test, prepare-package, package, pre-integration-test, integration-test, post-integration-test, verify, install, deploy, pre-site, site, post-site, site-deploy. -> [Help 1]
[ERROR] 
[ERROR] To see the full stack trace of the errors, re-run Maven with the -e switch.
[ERROR] Re-run Maven using the -X switch to enable full debug logging.
[ERROR] 
[ERROR] For more information about the errors and possible solutions, please read the following articles:
[ERROR] [Help 1] http://cwiki.apache.org/confluence/display/MAVEN/LifecyclePhaseNotFoundException
