[INFO] Scanning for projects...
[INFO] 
[INFO] -------------< net.lab1024.sa:ioedream-attendance-service >-------------
[INFO] Building IOE-DREAM Attendance Service 1.0.0
[INFO]   from pom.xml
[INFO] --------------------------------[ jar ]---------------------------------
[WARNING] Parameter 'encoding' is unknown for plugin 'jacoco-maven-plugin:0.8.12:prepare-agent (jacoco-prepare-agent)'
[WARNING] Parameter 'encoding' is unknown for plugin 'jacoco-maven-plugin:0.8.12:report (jacoco-report)'
[INFO] 
[INFO] --- enforcer:3.5.0:enforce (enforce-java-maven) @ ioedream-attendance-service ---
[INFO] Rule 0: org.apache.maven.enforcer.rules.version.RequireJavaVersion passed
[INFO] Rule 1: org.apache.maven.enforcer.rules.version.RequireMavenVersion passed
[INFO] 
[INFO] --- exec:3.1.1:exec (check-manager-bean-registration) @ ioedream-attendance-service ---
[INFO] skipping execute as per configuration
[INFO] 
[INFO] --- jacoco:0.8.12:prepare-agent (jacoco-prepare-agent) @ ioedream-attendance-service ---
[INFO] jacocoArgLine set to -javaagent:C:\\Users\\10201\\.m2\\repository\\org\\jacoco\\org.jacoco.agent\\0.8.12\\org.jacoco.agent-0.8.12-runtime.jar=destfile=D:\\IOE-DREAM\\microservices\\ioedream-attendance-service\\target\\jacoco.exec,includes=**/*.class,excludes=**/*Test*.class:**/*Tests.class:**/*Application.class:**/*Config*.class:**/*Configuration.class:**/dto/**/*.class:**/vo/**/*.class:**/form/**/*.class:**/entity/**/*.class:**/constant/**/*.class:**/constants/**/*.class:**/exception/**/*.class:**/*Exception.class:**/*Enum.class:**/generated/**/*.class:**/openapi/**/*.class
[INFO] 
[INFO] --- resources:3.3.1:resources (default-resources) @ ioedream-attendance-service ---
[INFO] Copying 5 resources from src\main\resources to target\classes
[INFO] Copying 6 resources from src\main\resources to target\classes
[INFO] 
[INFO] --- compiler:3.13.0:compile (default-compile) @ ioedream-attendance-service ---
[INFO] Recompiling the module because of changed source code.
[INFO] Compiling 628 source files with javac [debug release 17] to target\classes
[INFO] -------------------------------------------------------------
[WARNING] COMPILATION WARNING : 
[INFO] -------------------------------------------------------------
[WARNING] /D:/IOE-DREAM/microservices/ioedream-attendance-service/src/main/java/net/lab1024/sa/attendance/domain/form/AttendanceRuleQueryForm.java:[85,21] @Builder will ignore the initializing expression entirely. If you want the initializing expression to serve as default, add @Builder.Default. If it is not supposed to be settable during building, make the field final.
[WARNING] /D:/IOE-DREAM/microservices/ioedream-attendance-service/src/main/java/net/lab1024/sa/attendance/domain/form/AttendanceRuleQueryForm.java:[91,21] @Builder will ignore the initializing expression entirely. If you want the initializing expression to serve as default, add @Builder.Default. If it is not supposed to be settable during building, make the field final.
[WARNING] /D:/IOE-DREAM/microservices/ioedream-attendance-service/src/main/java/net/lab1024/sa/attendance/domain/form/AttendanceOvertimeApplyQueryForm.java:[19,1] Generating equals/hashCode implementation but without a call to superclass, even though this class does not extend java.lang.Object. If this is intentional, add '@EqualsAndHashCode(callSuper=false)' to your type.
[INFO] 3 warnings 
[INFO] -------------------------------------------------------------
[INFO] -------------------------------------------------------------
[ERROR] COMPILATION ERROR : 
[INFO] -------------------------------------------------------------
[ERROR] /D:/IOE-DREAM/microservices/ioedream-attendance-service/src/main/java/net/lab1024/sa/attendance/config/AttendanceManagerConfiguration.java:[3,41] 找不到符号
  符号:   类 WorkflowApprovalManager
  位置: 程序包 net.lab1024.sa.attendance.manager
[ERROR] /D:/IOE-DREAM/microservices/ioedream-attendance-service/src/main/java/net/lab1024/sa/attendance/config/AttendanceManagerConfiguration.java:[25,12] 找不到符号
  符号:   类 WorkflowApprovalManager
  位置: 类 net.lab1024.sa.attendance.config.AttendanceManagerConfiguration
[INFO] 2 errors 
[INFO] -------------------------------------------------------------
[INFO] ------------------------------------------------------------------------
[INFO] BUILD FAILURE
[INFO] ------------------------------------------------------------------------
[INFO] Total time:  45.812 s
[INFO] Finished at: 2025-12-25T20:48:16+08:00
[INFO] ------------------------------------------------------------------------
[ERROR] Failed to execute goal org.apache.maven.plugins:maven-compiler-plugin:3.13.0:compile (default-compile) on project ioedream-attendance-service: Compilation failure: Compilation failure: 
[ERROR] /D:/IOE-DREAM/microservices/ioedream-attendance-service/src/main/java/net/lab1024/sa/attendance/config/AttendanceManagerConfiguration.java:[3,41] 找不到符号
[ERROR]   符号:   类 WorkflowApprovalManager
[ERROR]   位置: 程序包 net.lab1024.sa.attendance.manager
[ERROR] /D:/IOE-DREAM/microservices/ioedream-attendance-service/src/main/java/net/lab1024/sa/attendance/config/AttendanceManagerConfiguration.java:[25,12] 找不到符号
[ERROR]   符号:   类 WorkflowApprovalManager
[ERROR]   位置: 类 net.lab1024.sa.attendance.config.AttendanceManagerConfiguration
[ERROR] -> [Help 1]
[ERROR] 
[ERROR] To see the full stack trace of the errors, re-run Maven with the -e switch.
[ERROR] Re-run Maven using the -X switch to enable full debug logging.
[ERROR] 
[ERROR] For more information about the errors and possible solutions, please read the following articles:
[ERROR] [Help 1] http://cwiki.apache.org/confluence/display/MAVEN/MojoFailureException
