[INFO] Scanning for projects...
[INFO] ------------------------------------------------------------------------
[INFO] Reactor Build Order:
[INFO] 
[INFO] ioedream-microservices-parent                                      [pom]
[INFO] IOE-DREAM Common Core                                              [jar]
[INFO] Microservices Common Entity                                        [jar]
[INFO] IOE-DREAM Common Storage Module                                    [jar]
[INFO] Microservices Common Data                                          [jar]
[INFO] Microservices Common Cache                                         [jar]
[INFO] Microservices Common Security                                      [jar]
[INFO] Microservices Common Monitor                                       [jar]
[INFO] Microservices Common Export                                        [jar]
[INFO] Microservices Common Workflow                                      [jar]
[INFO] IOE-DREAM Common Gateway Client                                    [jar]
[INFO] Microservices Common Business                                      [jar]
[INFO] Microservices Common Permission                                    [jar]
[INFO] IOE-DREAM Common Module                                            [jar]
[INFO] ioedream-db-init                                                   [jar]
[INFO] IOE-DREAM Gateway Service                                          [jar]
[INFO] IOE-DREAM Common Service                                           [jar]
[INFO] IOE-DREAM Device Communication Service                             [jar]
[INFO] IOE-DREAM OA Service                                               [jar]
[INFO] IOE-DREAM Access Service                                           [jar]
[INFO] IOE-DREAM Attendance Service                                       [jar]
[INFO] IOE-DREAM Video Service                                            [jar]
[INFO] IOE-DREAM Consume Service                                          [jar]
[INFO] IOE-DREAM Visitor Service                                          [jar]
[INFO] ioedream-database-service                                          [jar]
[INFO] IOE-DREAM Biometric Service                                        [jar]
[INFO] 
[INFO] ------------< net.lab1024.sa:ioedream-microservices-parent >------------
[INFO] Building ioedream-microservices-parent 1.0.0                      [1/26]
[INFO]   from pom.xml
[INFO] --------------------------------[ pom ]---------------------------------
[WARNING] Parameter 'encoding' is unknown for plugin 'jacoco-maven-plugin:0.8.12:prepare-agent (jacoco-prepare-agent)'
[WARNING] Parameter 'encoding' is unknown for plugin 'jacoco-maven-plugin:0.8.12:report (jacoco-report)'
[WARNING] Parameter 'encoding' is unknown for plugin 'jacoco-maven-plugin:0.8.12:report (jacoco-integration-test)'
[WARNING] Parameter 'encoding' is unknown for plugin 'jacoco-maven-plugin:0.8.12:merge (jacoco-merge)'
[WARNING] Parameter 'encoding' is unknown for plugin 'jacoco-maven-plugin:0.8.12:report (jacoco-merged-report)'
[WARNING] Parameter 'encoding' is unknown for plugin 'jacoco-maven-plugin:0.8.12:check (jacoco-check)'
[INFO] 
[INFO] --- enforcer:3.5.0:enforce (enforce-java-maven) @ ioedream-microservices-parent ---
[INFO] Rule 0: org.apache.maven.enforcer.rules.version.RequireJavaVersion passed
[INFO] Rule 1: org.apache.maven.enforcer.rules.version.RequireMavenVersion passed
[INFO] 
[INFO] --- exec:3.1.1:exec (check-manager-bean-registration) @ ioedream-microservices-parent ---
[INFO] skipping execute as per configuration
[INFO] 
[INFO] --- jacoco:0.8.12:prepare-agent (jacoco-prepare-agent) @ ioedream-microservices-parent ---
[INFO] jacocoArgLine set to -javaagent:C:\\Users\\10201\\.m2\\repository\\org\\jacoco\\org.jacoco.agent\\0.8.12\\org.jacoco.agent-0.8.12-runtime.jar=destfile=D:\\IOE-DREAM\\microservices\\target\\jacoco.exec,includes=**/*.class,excludes=**/*Test*.class:**/*Tests.class:**/*Application.class:**/*Config*.class:**/*Configuration.class:**/dto/**/*.class:**/vo/**/*.class:**/form/**/*.class:**/entity/**/*.class:**/constant/**/*.class:**/constants/**/*.class:**/exception/**/*.class:**/*Exception.class:**/*Enum.class:**/generated/**/*.class:**/openapi/**/*.class
[INFO] 
[INFO] --- jacoco:0.8.12:report (jacoco-report) @ ioedream-microservices-parent ---
[INFO] Skipping JaCoCo execution due to missing execution data file.
[INFO] 
[INFO] --- spring-boot:3.5.8:repackage (default) @ ioedream-microservices-parent ---
[INFO] 
[INFO] --- failsafe:3.2.5:integration-test (default) @ ioedream-microservices-parent ---
[INFO] Tests are skipped.
[INFO] 
[INFO] --- jacoco:0.8.12:report (jacoco-integration-test) @ ioedream-microservices-parent ---
[INFO] Skipping JaCoCo execution due to missing execution data file.
[INFO] 
[INFO] >>> pmd:3.21.2:check (default) > :pmd @ ioedream-microservices-parent >>>
[INFO] 
[INFO] --- pmd:3.21.2:pmd (pmd) @ ioedream-microservices-parent ---
[INFO] Skipping PMD execution
[INFO] 
[INFO] <<< pmd:3.21.2:check (default) < :pmd @ ioedream-microservices-parent <<<
[INFO] 
[INFO] 
[INFO] --- pmd:3.21.2:check (default) @ ioedream-microservices-parent ---
[INFO] Skipping PMD execution
[INFO] 
[INFO] --- failsafe:3.2.5:verify (default) @ ioedream-microservices-parent ---
[INFO] Tests are skipped.
[INFO] 
[INFO] --- jacoco:0.8.12:merge (jacoco-merge) @ ioedream-microservices-parent ---
[INFO] Skipping JaCoCo merge execution due to missing execution data files
[INFO] 
[INFO] --- jacoco:0.8.12:report (jacoco-merged-report) @ ioedream-microservices-parent ---
[INFO] Skipping JaCoCo execution due to missing execution data file.
[INFO] 
[INFO] --- jacoco:0.8.12:check (jacoco-check) @ ioedream-microservices-parent ---
[INFO] Skipping JaCoCo execution due to missing execution data file:D:\IOE-DREAM\microservices\target\jacoco-merged.exec
[INFO] 
[INFO] --- install:3.1.2:install (default-install) @ ioedream-microservices-parent ---
[INFO] Installing D:\IOE-DREAM\microservices\pom.xml to C:\Users\10201\.m2\repository\net\lab1024\sa\ioedream-microservices-parent\1.0.0\ioedream-microservices-parent-1.0.0.pom
[INFO] 
[INFO] --------------< net.lab1024.sa:microservices-common-core >--------------
[INFO] Building IOE-DREAM Common Core 1.0.0                              [2/26]
[INFO]   from microservices-common-core\pom.xml
[INFO] --------------------------------[ jar ]---------------------------------
[WARNING] Parameter 'encoding' is unknown for plugin 'jacoco-maven-plugin:0.8.12:prepare-agent (jacoco-prepare-agent)'
[WARNING] Parameter 'encoding' is unknown for plugin 'jacoco-maven-plugin:0.8.12:report (jacoco-report)'
[WARNING] Parameter 'encoding' is unknown for plugin 'jacoco-maven-plugin:0.8.12:report (jacoco-integration-test)'
[WARNING] Parameter 'encoding' is unknown for plugin 'jacoco-maven-plugin:0.8.12:merge (jacoco-merge)'
[WARNING] Parameter 'encoding' is unknown for plugin 'jacoco-maven-plugin:0.8.12:report (jacoco-merged-report)'
[WARNING] Parameter 'encoding' is unknown for plugin 'jacoco-maven-plugin:0.8.12:check (jacoco-check)'
[INFO] 
[INFO] --- enforcer:3.5.0:enforce (enforce-java-maven) @ microservices-common-core ---
[INFO] 
[INFO] --- exec:3.1.1:exec (check-manager-bean-registration) @ microservices-common-core ---
[INFO] skipping execute as per configuration
[INFO] 
[INFO] --- jacoco:0.8.12:prepare-agent (jacoco-prepare-agent) @ microservices-common-core ---
[INFO] jacocoArgLine set to -javaagent:C:\\Users\\10201\\.m2\\repository\\org\\jacoco\\org.jacoco.agent\\0.8.12\\org.jacoco.agent-0.8.12-runtime.jar=destfile=D:\\IOE-DREAM\\microservices\\microservices-common-core\\target\\jacoco.exec,includes=**/*.class,excludes=**/*Test*.class:**/*Tests.class:**/*Application.class:**/*Config*.class:**/*Configuration.class:**/dto/**/*.class:**/vo/**/*.class:**/form/**/*.class:**/entity/**/*.class:**/constant/**/*.class:**/constants/**/*.class:**/exception/**/*.class:**/*Exception.class:**/*Enum.class:**/generated/**/*.class:**/openapi/**/*.class
[INFO] 
[INFO] --- resources:3.3.1:resources (default-resources) @ microservices-common-core ---
[INFO] skip non existing resourceDirectory D:\IOE-DREAM\microservices\microservices-common-core\src\main\resources
[INFO] skip non existing resourceDirectory D:\IOE-DREAM\microservices\microservices-common-core\src\main\resources
[INFO] 
[INFO] --- compiler:3.13.0:compile (default-compile) @ microservices-common-core ---
[INFO] Nothing to compile - all classes are up to date.
[INFO] 
[INFO] --- resources:3.3.1:testResources (default-testResources) @ microservices-common-core ---
[INFO] Not copying test resources
[INFO] 
[INFO] --- compiler:3.13.0:testCompile (default-testCompile) @ microservices-common-core ---
[INFO] Not compiling test sources
[INFO] 
[INFO] --- surefire:3.2.5:test (default-test) @ microservices-common-core ---
[INFO] Tests are skipped.
[INFO] 
[INFO] --- jacoco:0.8.12:report (jacoco-report) @ microservices-common-core ---
[INFO] Skipping JaCoCo execution due to missing execution data file.
[INFO] 
[INFO] --- jar:3.4.1:jar (default-jar) @ microservices-common-core ---
[INFO] 
[INFO] --- spring-boot:3.5.8:repackage (default) @ microservices-common-core ---
[INFO] 
[INFO] --- failsafe:3.2.5:integration-test (default) @ microservices-common-core ---
[INFO] Tests are skipped.
[INFO] 
[INFO] --- jacoco:0.8.12:report (jacoco-integration-test) @ microservices-common-core ---
[INFO] Skipping JaCoCo execution due to missing execution data file.
[INFO] 
[INFO] >>> pmd:3.21.2:check (default) > :pmd @ microservices-common-core >>>
[INFO] 
[INFO] --- pmd:3.21.2:pmd (pmd) @ microservices-common-core ---
[INFO] Skipping PMD execution
[INFO] 
[INFO] <<< pmd:3.21.2:check (default) < :pmd @ microservices-common-core <<<
[INFO] 
[INFO] 
[INFO] --- pmd:3.21.2:check (default) @ microservices-common-core ---
[INFO] Skipping PMD execution
[INFO] 
[INFO] --- failsafe:3.2.5:verify (default) @ microservices-common-core ---
[INFO] Tests are skipped.
[INFO] 
[INFO] --- jacoco:0.8.12:merge (jacoco-merge) @ microservices-common-core ---
[INFO] Skipping JaCoCo merge execution due to missing execution data files
[INFO] 
[INFO] --- jacoco:0.8.12:report (jacoco-merged-report) @ microservices-common-core ---
[INFO] Skipping JaCoCo execution due to missing execution data file.
[INFO] 
[INFO] --- jacoco:0.8.12:check (jacoco-check) @ microservices-common-core ---
[INFO] Skipping JaCoCo execution due to missing execution data file:D:\IOE-DREAM\microservices\microservices-common-core\target\jacoco-merged.exec
[INFO] 
[INFO] --- install:3.1.2:install (default-install) @ microservices-common-core ---
[INFO] Installing D:\IOE-DREAM\microservices\microservices-common-core\pom.xml to C:\Users\10201\.m2\repository\net\lab1024\sa\microservices-common-core\1.0.0\microservices-common-core-1.0.0.pom
[INFO] Installing D:\IOE-DREAM\microservices\microservices-common-core\target\microservices-common-core-1.0.0.jar to C:\Users\10201\.m2\repository\net\lab1024\sa\microservices-common-core\1.0.0\microservices-common-core-1.0.0.jar
[INFO] 
[INFO] -------------< net.lab1024.sa:microservices-common-entity >-------------
[INFO] Building Microservices Common Entity 1.0.0                        [3/26]
[INFO]   from microservices-common-entity\pom.xml
[INFO] --------------------------------[ jar ]---------------------------------
[WARNING] Parameter 'encoding' is unknown for plugin 'jacoco-maven-plugin:0.8.12:prepare-agent (jacoco-prepare-agent)'
[WARNING] Parameter 'encoding' is unknown for plugin 'jacoco-maven-plugin:0.8.12:report (jacoco-report)'
[WARNING] Parameter 'encoding' is unknown for plugin 'jacoco-maven-plugin:0.8.12:report (jacoco-integration-test)'
[WARNING] Parameter 'encoding' is unknown for plugin 'jacoco-maven-plugin:0.8.12:merge (jacoco-merge)'
[WARNING] Parameter 'encoding' is unknown for plugin 'jacoco-maven-plugin:0.8.12:report (jacoco-merged-report)'
[WARNING] Parameter 'encoding' is unknown for plugin 'jacoco-maven-plugin:0.8.12:check (jacoco-check)'
[INFO] 
[INFO] --- enforcer:3.5.0:enforce (enforce-java-maven) @ microservices-common-entity ---
[INFO] 
[INFO] --- exec:3.1.1:exec (check-manager-bean-registration) @ microservices-common-entity ---
[INFO] skipping execute as per configuration
[INFO] 
[INFO] --- jacoco:0.8.12:prepare-agent (jacoco-prepare-agent) @ microservices-common-entity ---
[INFO] jacocoArgLine set to -javaagent:C:\\Users\\10201\\.m2\\repository\\org\\jacoco\\org.jacoco.agent\\0.8.12\\org.jacoco.agent-0.8.12-runtime.jar=destfile=D:\\IOE-DREAM\\microservices\\microservices-common-entity\\target\\jacoco.exec,includes=**/*.class,excludes=**/*Test*.class:**/*Tests.class:**/*Application.class:**/*Config*.class:**/*Configuration.class:**/dto/**/*.class:**/vo/**/*.class:**/form/**/*.class:**/entity/**/*.class:**/constant/**/*.class:**/constants/**/*.class:**/exception/**/*.class:**/*Exception.class:**/*Enum.class:**/generated/**/*.class:**/openapi/**/*.class
[INFO] 
[INFO] --- resources:3.3.1:resources (default-resources) @ microservices-common-entity ---
[INFO] skip non existing resourceDirectory D:\IOE-DREAM\microservices\microservices-common-entity\src\main\resources
[INFO] skip non existing resourceDirectory D:\IOE-DREAM\microservices\microservices-common-entity\src\main\resources
[INFO] 
[INFO] --- compiler:3.13.0:compile (default-compile) @ microservices-common-entity ---
[INFO] Nothing to compile - all classes are up to date.
[INFO] 
[INFO] --- resources:3.3.1:testResources (default-testResources) @ microservices-common-entity ---
[INFO] Not copying test resources
[INFO] 
[INFO] --- compiler:3.13.0:testCompile (default-testCompile) @ microservices-common-entity ---
[INFO] Not compiling test sources
[INFO] 
[INFO] --- surefire:3.2.5:test (default-test) @ microservices-common-entity ---
[INFO] Tests are skipped.
[INFO] 
[INFO] --- jacoco:0.8.12:report (jacoco-report) @ microservices-common-entity ---
[INFO] Skipping JaCoCo execution due to missing execution data file.
[INFO] 
[INFO] --- jar:3.4.1:jar (default-jar) @ microservices-common-entity ---
[INFO] 
[INFO] --- spring-boot:3.5.8:repackage (default) @ microservices-common-entity ---
[INFO] 
[INFO] --- failsafe:3.2.5:integration-test (default) @ microservices-common-entity ---
[INFO] Tests are skipped.
[INFO] 
[INFO] --- jacoco:0.8.12:report (jacoco-integration-test) @ microservices-common-entity ---
[INFO] Skipping JaCoCo execution due to missing execution data file.
[INFO] 
[INFO] >>> pmd:3.21.2:check (default) > :pmd @ microservices-common-entity >>>
[INFO] 
[INFO] --- pmd:3.21.2:pmd (pmd) @ microservices-common-entity ---
[INFO] Skipping PMD execution
[INFO] 
[INFO] <<< pmd:3.21.2:check (default) < :pmd @ microservices-common-entity <<<
[INFO] 
[INFO] 
[INFO] --- pmd:3.21.2:check (default) @ microservices-common-entity ---
[INFO] Skipping PMD execution
[INFO] 
[INFO] --- failsafe:3.2.5:verify (default) @ microservices-common-entity ---
[INFO] Tests are skipped.
[INFO] 
[INFO] --- jacoco:0.8.12:merge (jacoco-merge) @ microservices-common-entity ---
[INFO] Skipping JaCoCo merge execution due to missing execution data files
[INFO] 
[INFO] --- jacoco:0.8.12:report (jacoco-merged-report) @ microservices-common-entity ---
[INFO] Skipping JaCoCo execution due to missing execution data file.
[INFO] 
[INFO] --- jacoco:0.8.12:check (jacoco-check) @ microservices-common-entity ---
[INFO] Skipping JaCoCo execution due to missing execution data file:D:\IOE-DREAM\microservices\microservices-common-entity\target\jacoco-merged.exec
[INFO] 
[INFO] --- install:3.1.2:install (default-install) @ microservices-common-entity ---
[INFO] Installing D:\IOE-DREAM\microservices\microservices-common-entity\pom.xml to C:\Users\10201\.m2\repository\net\lab1024\sa\microservices-common-entity\1.0.0\microservices-common-entity-1.0.0.pom
[INFO] Installing D:\IOE-DREAM\microservices\microservices-common-entity\target\microservices-common-entity-1.0.0.jar to C:\Users\10201\.m2\repository\net\lab1024\sa\microservices-common-entity\1.0.0\microservices-common-entity-1.0.0.jar
[INFO] 
[INFO] ------------< net.lab1024.sa:microservices-common-storage >-------------
[INFO] Building IOE-DREAM Common Storage Module 1.0.0                    [4/26]
[INFO]   from microservices-common-storage\pom.xml
[INFO] --------------------------------[ jar ]---------------------------------
[WARNING] Parameter 'encoding' is unknown for plugin 'jacoco-maven-plugin:0.8.12:prepare-agent (jacoco-prepare-agent)'
[WARNING] Parameter 'encoding' is unknown for plugin 'jacoco-maven-plugin:0.8.12:report (jacoco-report)'
[WARNING] Parameter 'encoding' is unknown for plugin 'jacoco-maven-plugin:0.8.12:report (jacoco-integration-test)'
[WARNING] Parameter 'encoding' is unknown for plugin 'jacoco-maven-plugin:0.8.12:merge (jacoco-merge)'
[WARNING] Parameter 'encoding' is unknown for plugin 'jacoco-maven-plugin:0.8.12:report (jacoco-merged-report)'
[WARNING] Parameter 'encoding' is unknown for plugin 'jacoco-maven-plugin:0.8.12:check (jacoco-check)'
[INFO] 
[INFO] --- enforcer:3.5.0:enforce (enforce-java-maven) @ microservices-common-storage ---
[INFO] 
[INFO] --- exec:3.1.1:exec (check-manager-bean-registration) @ microservices-common-storage ---
[INFO] skipping execute as per configuration
[INFO] 
[INFO] --- jacoco:0.8.12:prepare-agent (jacoco-prepare-agent) @ microservices-common-storage ---
[INFO] jacocoArgLine set to -javaagent:C:\\Users\\10201\\.m2\\repository\\org\\jacoco\\org.jacoco.agent\\0.8.12\\org.jacoco.agent-0.8.12-runtime.jar=destfile=D:\\IOE-DREAM\\microservices\\microservices-common-storage\\target\\jacoco.exec,includes=**/*.class,excludes=**/*Test*.class:**/*Tests.class:**/*Application.class:**/*Config*.class:**/*Configuration.class:**/dto/**/*.class:**/vo/**/*.class:**/form/**/*.class:**/entity/**/*.class:**/constant/**/*.class:**/constants/**/*.class:**/exception/**/*.class:**/*Exception.class:**/*Enum.class:**/generated/**/*.class:**/openapi/**/*.class
[INFO] 
[INFO] --- resources:3.3.1:resources (default-resources) @ microservices-common-storage ---
[INFO] skip non existing resourceDirectory D:\IOE-DREAM\microservices\microservices-common-storage\src\main\resources
[INFO] skip non existing resourceDirectory D:\IOE-DREAM\microservices\microservices-common-storage\src\main\resources
[INFO] 
[INFO] --- compiler:3.13.0:compile (default-compile) @ microservices-common-storage ---
[INFO] Nothing to compile - all classes are up to date.
[INFO] 
[INFO] --- resources:3.3.1:testResources (default-testResources) @ microservices-common-storage ---
[INFO] Not copying test resources
[INFO] 
[INFO] --- compiler:3.13.0:testCompile (default-testCompile) @ microservices-common-storage ---
[INFO] Not compiling test sources
[INFO] 
[INFO] --- surefire:3.2.5:test (default-test) @ microservices-common-storage ---
[INFO] Tests are skipped.
[INFO] 
[INFO] --- jacoco:0.8.12:report (jacoco-report) @ microservices-common-storage ---
[INFO] Skipping JaCoCo execution due to missing execution data file.
[INFO] 
[INFO] --- jar:3.4.1:jar (default-jar) @ microservices-common-storage ---
[INFO] 
[INFO] --- spring-boot:3.5.8:repackage (default) @ microservices-common-storage ---
[INFO] 
[INFO] --- failsafe:3.2.5:integration-test (default) @ microservices-common-storage ---
[INFO] Tests are skipped.
[INFO] 
[INFO] --- jacoco:0.8.12:report (jacoco-integration-test) @ microservices-common-storage ---
[INFO] Skipping JaCoCo execution due to missing execution data file.
[INFO] 
[INFO] >>> pmd:3.21.2:check (default) > :pmd @ microservices-common-storage >>>
[INFO] 
[INFO] --- pmd:3.21.2:pmd (pmd) @ microservices-common-storage ---
[INFO] Skipping PMD execution
[INFO] 
[INFO] <<< pmd:3.21.2:check (default) < :pmd @ microservices-common-storage <<<
[INFO] 
[INFO] 
[INFO] --- pmd:3.21.2:check (default) @ microservices-common-storage ---
[INFO] Skipping PMD execution
[INFO] 
[INFO] --- failsafe:3.2.5:verify (default) @ microservices-common-storage ---
[INFO] Tests are skipped.
[INFO] 
[INFO] --- jacoco:0.8.12:merge (jacoco-merge) @ microservices-common-storage ---
[INFO] Skipping JaCoCo merge execution due to missing execution data files
[INFO] 
[INFO] --- jacoco:0.8.12:report (jacoco-merged-report) @ microservices-common-storage ---
[INFO] Skipping JaCoCo execution due to missing execution data file.
[INFO] 
[INFO] --- jacoco:0.8.12:check (jacoco-check) @ microservices-common-storage ---
[INFO] Skipping JaCoCo execution due to missing execution data file:D:\IOE-DREAM\microservices\microservices-common-storage\target\jacoco-merged.exec
[INFO] 
[INFO] --- install:3.1.2:install (default-install) @ microservices-common-storage ---
[INFO] Installing D:\IOE-DREAM\microservices\microservices-common-storage\pom.xml to C:\Users\10201\.m2\repository\net\lab1024\sa\microservices-common-storage\1.0.0\microservices-common-storage-1.0.0.pom
[INFO] Installing D:\IOE-DREAM\microservices\microservices-common-storage\target\microservices-common-storage-1.0.0.jar to C:\Users\10201\.m2\repository\net\lab1024\sa\microservices-common-storage\1.0.0\microservices-common-storage-1.0.0.jar
[INFO] 
[INFO] --------------< net.lab1024.sa:microservices-common-data >--------------
[INFO] Building Microservices Common Data 1.0.0                          [5/26]
[INFO]   from microservices-common-data\pom.xml
[INFO] --------------------------------[ jar ]---------------------------------
[WARNING] Parameter 'encoding' is unknown for plugin 'jacoco-maven-plugin:0.8.12:prepare-agent (jacoco-prepare-agent)'
[WARNING] Parameter 'encoding' is unknown for plugin 'jacoco-maven-plugin:0.8.12:report (jacoco-report)'
[WARNING] Parameter 'encoding' is unknown for plugin 'jacoco-maven-plugin:0.8.12:report (jacoco-integration-test)'
[WARNING] Parameter 'encoding' is unknown for plugin 'jacoco-maven-plugin:0.8.12:merge (jacoco-merge)'
[WARNING] Parameter 'encoding' is unknown for plugin 'jacoco-maven-plugin:0.8.12:report (jacoco-merged-report)'
[WARNING] Parameter 'encoding' is unknown for plugin 'jacoco-maven-plugin:0.8.12:check (jacoco-check)'
[INFO] 
[INFO] --- enforcer:3.5.0:enforce (enforce-java-maven) @ microservices-common-data ---
[INFO] 
[INFO] --- exec:3.1.1:exec (check-manager-bean-registration) @ microservices-common-data ---
[INFO] skipping execute as per configuration
[INFO] 
[INFO] --- jacoco:0.8.12:prepare-agent (jacoco-prepare-agent) @ microservices-common-data ---
[INFO] jacocoArgLine set to -javaagent:C:\\Users\\10201\\.m2\\repository\\org\\jacoco\\org.jacoco.agent\\0.8.12\\org.jacoco.agent-0.8.12-runtime.jar=destfile=D:\\IOE-DREAM\\microservices\\microservices-common-data\\target\\jacoco.exec,includes=**/*.class,excludes=**/*Test*.class:**/*Tests.class:**/*Application.class:**/*Config*.class:**/*Configuration.class:**/dto/**/*.class:**/vo/**/*.class:**/form/**/*.class:**/entity/**/*.class:**/constant/**/*.class:**/constants/**/*.class:**/exception/**/*.class:**/*Exception.class:**/*Enum.class:**/generated/**/*.class:**/openapi/**/*.class
[INFO] 
[INFO] --- resources:3.3.1:resources (default-resources) @ microservices-common-data ---
[INFO] skip non existing resourceDirectory D:\IOE-DREAM\microservices\microservices-common-data\src\main\resources
[INFO] skip non existing resourceDirectory D:\IOE-DREAM\microservices\microservices-common-data\src\main\resources
[INFO] 
[INFO] --- compiler:3.13.0:compile (default-compile) @ microservices-common-data ---
[INFO] Nothing to compile - all classes are up to date.
[INFO] 
[INFO] --- resources:3.3.1:testResources (default-testResources) @ microservices-common-data ---
[INFO] Not copying test resources
[INFO] 
[INFO] --- compiler:3.13.0:testCompile (default-testCompile) @ microservices-common-data ---
[INFO] Not compiling test sources
[INFO] 
[INFO] --- surefire:3.2.5:test (default-test) @ microservices-common-data ---
[INFO] Tests are skipped.
[INFO] 
[INFO] --- jacoco:0.8.12:report (jacoco-report) @ microservices-common-data ---
[INFO] Skipping JaCoCo execution due to missing execution data file.
[INFO] 
[INFO] --- jar:3.4.1:jar (default-jar) @ microservices-common-data ---
[INFO] 
[INFO] --- spring-boot:3.5.8:repackage (default) @ microservices-common-data ---
[INFO] 
[INFO] --- failsafe:3.2.5:integration-test (default) @ microservices-common-data ---
[INFO] Tests are skipped.
[INFO] 
[INFO] --- jacoco:0.8.12:report (jacoco-integration-test) @ microservices-common-data ---
[INFO] Skipping JaCoCo execution due to missing execution data file.
[INFO] 
[INFO] >>> pmd:3.21.2:check (default) > :pmd @ microservices-common-data >>>
[INFO] 
[INFO] --- pmd:3.21.2:pmd (pmd) @ microservices-common-data ---
[INFO] Skipping PMD execution
[INFO] 
[INFO] <<< pmd:3.21.2:check (default) < :pmd @ microservices-common-data <<<
[INFO] 
[INFO] 
[INFO] --- pmd:3.21.2:check (default) @ microservices-common-data ---
[INFO] Skipping PMD execution
[INFO] 
[INFO] --- failsafe:3.2.5:verify (default) @ microservices-common-data ---
[INFO] Tests are skipped.
[INFO] 
[INFO] --- jacoco:0.8.12:merge (jacoco-merge) @ microservices-common-data ---
[INFO] Skipping JaCoCo merge execution due to missing execution data files
[INFO] 
[INFO] --- jacoco:0.8.12:report (jacoco-merged-report) @ microservices-common-data ---
[INFO] Skipping JaCoCo execution due to missing execution data file.
[INFO] 
[INFO] --- jacoco:0.8.12:check (jacoco-check) @ microservices-common-data ---
[INFO] Skipping JaCoCo execution due to missing execution data file:D:\IOE-DREAM\microservices\microservices-common-data\target\jacoco-merged.exec
[INFO] 
[INFO] --- install:3.1.2:install (default-install) @ microservices-common-data ---
[INFO] Installing D:\IOE-DREAM\microservices\microservices-common-data\pom.xml to C:\Users\10201\.m2\repository\net\lab1024\sa\microservices-common-data\1.0.0\microservices-common-data-1.0.0.pom
[INFO] Installing D:\IOE-DREAM\microservices\microservices-common-data\target\microservices-common-data-1.0.0.jar to C:\Users\10201\.m2\repository\net\lab1024\sa\microservices-common-data\1.0.0\microservices-common-data-1.0.0.jar
[INFO] 
[INFO] -------------< net.lab1024.sa:microservices-common-cache >--------------
[INFO] Building Microservices Common Cache 1.0.0                         [6/26]
[INFO]   from microservices-common-cache\pom.xml
[INFO] --------------------------------[ jar ]---------------------------------
[WARNING] Parameter 'encoding' is unknown for plugin 'jacoco-maven-plugin:0.8.12:prepare-agent (jacoco-prepare-agent)'
[WARNING] Parameter 'encoding' is unknown for plugin 'jacoco-maven-plugin:0.8.12:report (jacoco-report)'
[WARNING] Parameter 'encoding' is unknown for plugin 'jacoco-maven-plugin:0.8.12:report (jacoco-integration-test)'
[WARNING] Parameter 'encoding' is unknown for plugin 'jacoco-maven-plugin:0.8.12:merge (jacoco-merge)'
[WARNING] Parameter 'encoding' is unknown for plugin 'jacoco-maven-plugin:0.8.12:report (jacoco-merged-report)'
[WARNING] Parameter 'encoding' is unknown for plugin 'jacoco-maven-plugin:0.8.12:check (jacoco-check)'
[INFO] 
[INFO] --- enforcer:3.5.0:enforce (enforce-java-maven) @ microservices-common-cache ---
[INFO] 
[INFO] --- exec:3.1.1:exec (check-manager-bean-registration) @ microservices-common-cache ---
[INFO] skipping execute as per configuration
[INFO] 
[INFO] --- jacoco:0.8.12:prepare-agent (jacoco-prepare-agent) @ microservices-common-cache ---
[INFO] jacocoArgLine set to -javaagent:C:\\Users\\10201\\.m2\\repository\\org\\jacoco\\org.jacoco.agent\\0.8.12\\org.jacoco.agent-0.8.12-runtime.jar=destfile=D:\\IOE-DREAM\\microservices\\microservices-common-cache\\target\\jacoco.exec,includes=**/*.class,excludes=**/*Test*.class:**/*Tests.class:**/*Application.class:**/*Config*.class:**/*Configuration.class:**/dto/**/*.class:**/vo/**/*.class:**/form/**/*.class:**/entity/**/*.class:**/constant/**/*.class:**/constants/**/*.class:**/exception/**/*.class:**/*Exception.class:**/*Enum.class:**/generated/**/*.class:**/openapi/**/*.class
[INFO] 
[INFO] --- resources:3.3.1:resources (default-resources) @ microservices-common-cache ---
[INFO] skip non existing resourceDirectory D:\IOE-DREAM\microservices\microservices-common-cache\src\main\resources
[INFO] skip non existing resourceDirectory D:\IOE-DREAM\microservices\microservices-common-cache\src\main\resources
[INFO] 
[INFO] --- compiler:3.13.0:compile (default-compile) @ microservices-common-cache ---
[INFO] Nothing to compile - all classes are up to date.
[INFO] 
[INFO] --- resources:3.3.1:testResources (default-testResources) @ microservices-common-cache ---
[INFO] Not copying test resources
[INFO] 
[INFO] --- compiler:3.13.0:testCompile (default-testCompile) @ microservices-common-cache ---
[INFO] Not compiling test sources
[INFO] 
[INFO] --- surefire:3.2.5:test (default-test) @ microservices-common-cache ---
[INFO] Tests are skipped.
[INFO] 
[INFO] --- jacoco:0.8.12:report (jacoco-report) @ microservices-common-cache ---
[INFO] Skipping JaCoCo execution due to missing execution data file.
[INFO] 
[INFO] --- jar:3.4.1:jar (default-jar) @ microservices-common-cache ---
[INFO] 
[INFO] --- spring-boot:3.5.8:repackage (default) @ microservices-common-cache ---
[INFO] 
[INFO] --- failsafe:3.2.5:integration-test (default) @ microservices-common-cache ---
[INFO] Tests are skipped.
[INFO] 
[INFO] --- jacoco:0.8.12:report (jacoco-integration-test) @ microservices-common-cache ---
[INFO] Skipping JaCoCo execution due to missing execution data file.
[INFO] 
[INFO] >>> pmd:3.21.2:check (default) > :pmd @ microservices-common-cache >>>
[INFO] 
[INFO] --- pmd:3.21.2:pmd (pmd) @ microservices-common-cache ---
[INFO] Skipping PMD execution
[INFO] 
[INFO] <<< pmd:3.21.2:check (default) < :pmd @ microservices-common-cache <<<
[INFO] 
[INFO] 
[INFO] --- pmd:3.21.2:check (default) @ microservices-common-cache ---
[INFO] Skipping PMD execution
[INFO] 
[INFO] --- failsafe:3.2.5:verify (default) @ microservices-common-cache ---
[INFO] Tests are skipped.
[INFO] 
[INFO] --- jacoco:0.8.12:merge (jacoco-merge) @ microservices-common-cache ---
[INFO] Skipping JaCoCo merge execution due to missing execution data files
[INFO] 
[INFO] --- jacoco:0.8.12:report (jacoco-merged-report) @ microservices-common-cache ---
[INFO] Skipping JaCoCo execution due to missing execution data file.
[INFO] 
[INFO] --- jacoco:0.8.12:check (jacoco-check) @ microservices-common-cache ---
[INFO] Skipping JaCoCo execution due to missing execution data file:D:\IOE-DREAM\microservices\microservices-common-cache\target\jacoco-merged.exec
[INFO] 
[INFO] --- install:3.1.2:install (default-install) @ microservices-common-cache ---
[INFO] Installing D:\IOE-DREAM\microservices\microservices-common-cache\pom.xml to C:\Users\10201\.m2\repository\net\lab1024\sa\microservices-common-cache\1.0.0\microservices-common-cache-1.0.0.pom
[INFO] Installing D:\IOE-DREAM\microservices\microservices-common-cache\target\microservices-common-cache-1.0.0.jar to C:\Users\10201\.m2\repository\net\lab1024\sa\microservices-common-cache\1.0.0\microservices-common-cache-1.0.0.jar
[INFO] 
[INFO] ------------< net.lab1024.sa:microservices-common-security >------------
[INFO] Building Microservices Common Security 1.0.0                      [7/26]
[INFO]   from microservices-common-security\pom.xml
[INFO] --------------------------------[ jar ]---------------------------------
[WARNING] Parameter 'encoding' is unknown for plugin 'jacoco-maven-plugin:0.8.12:prepare-agent (jacoco-prepare-agent)'
[WARNING] Parameter 'encoding' is unknown for plugin 'jacoco-maven-plugin:0.8.12:report (jacoco-report)'
[WARNING] Parameter 'encoding' is unknown for plugin 'jacoco-maven-plugin:0.8.12:report (jacoco-integration-test)'
[WARNING] Parameter 'encoding' is unknown for plugin 'jacoco-maven-plugin:0.8.12:merge (jacoco-merge)'
[WARNING] Parameter 'encoding' is unknown for plugin 'jacoco-maven-plugin:0.8.12:report (jacoco-merged-report)'
[WARNING] Parameter 'encoding' is unknown for plugin 'jacoco-maven-plugin:0.8.12:check (jacoco-check)'
[INFO] 
[INFO] --- enforcer:3.5.0:enforce (enforce-java-maven) @ microservices-common-security ---
[INFO] 
[INFO] --- exec:3.1.1:exec (check-manager-bean-registration) @ microservices-common-security ---
[INFO] skipping execute as per configuration
[INFO] 
[INFO] --- jacoco:0.8.12:prepare-agent (jacoco-prepare-agent) @ microservices-common-security ---
[INFO] jacocoArgLine set to -javaagent:C:\\Users\\10201\\.m2\\repository\\org\\jacoco\\org.jacoco.agent\\0.8.12\\org.jacoco.agent-0.8.12-runtime.jar=destfile=D:\\IOE-DREAM\\microservices\\microservices-common-security\\target\\jacoco.exec,includes=**/*.class,excludes=**/*Test*.class:**/*Tests.class:**/*Application.class:**/*Config*.class:**/*Configuration.class:**/dto/**/*.class:**/vo/**/*.class:**/form/**/*.class:**/entity/**/*.class:**/constant/**/*.class:**/constants/**/*.class:**/exception/**/*.class:**/*Exception.class:**/*Enum.class:**/generated/**/*.class:**/openapi/**/*.class
[INFO] 
[INFO] --- resources:3.3.1:resources (default-resources) @ microservices-common-security ---
[INFO] skip non existing resourceDirectory D:\IOE-DREAM\microservices\microservices-common-security\src\main\resources
[INFO] skip non existing resourceDirectory D:\IOE-DREAM\microservices\microservices-common-security\src\main\resources
[INFO] 
[INFO] --- compiler:3.13.0:compile (default-compile) @ microservices-common-security ---
[INFO] Nothing to compile - all classes are up to date.
[INFO] 
[INFO] --- resources:3.3.1:testResources (default-testResources) @ microservices-common-security ---
[INFO] Not copying test resources
[INFO] 
[INFO] --- compiler:3.13.0:testCompile (default-testCompile) @ microservices-common-security ---
[INFO] Not compiling test sources
[INFO] 
[INFO] --- surefire:3.2.5:test (default-test) @ microservices-common-security ---
[INFO] Tests are skipped.
[INFO] 
[INFO] --- jacoco:0.8.12:report (jacoco-report) @ microservices-common-security ---
[INFO] Skipping JaCoCo execution due to missing execution data file.
[INFO] 
[INFO] --- jar:3.4.1:jar (default-jar) @ microservices-common-security ---
[INFO] 
[INFO] --- spring-boot:3.5.8:repackage (default) @ microservices-common-security ---
[INFO] 
[INFO] --- failsafe:3.2.5:integration-test (default) @ microservices-common-security ---
[INFO] Tests are skipped.
[INFO] 
[INFO] --- jacoco:0.8.12:report (jacoco-integration-test) @ microservices-common-security ---
[INFO] Skipping JaCoCo execution due to missing execution data file.
[INFO] 
[INFO] >>> pmd:3.21.2:check (default) > :pmd @ microservices-common-security >>>
[INFO] 
[INFO] --- pmd:3.21.2:pmd (pmd) @ microservices-common-security ---
[INFO] Skipping PMD execution
[INFO] 
[INFO] <<< pmd:3.21.2:check (default) < :pmd @ microservices-common-security <<<
[INFO] 
[INFO] 
[INFO] --- pmd:3.21.2:check (default) @ microservices-common-security ---
[INFO] Skipping PMD execution
[INFO] 
[INFO] --- failsafe:3.2.5:verify (default) @ microservices-common-security ---
[INFO] Tests are skipped.
[INFO] 
[INFO] --- jacoco:0.8.12:merge (jacoco-merge) @ microservices-common-security ---
[INFO] Skipping JaCoCo merge execution due to missing execution data files
[INFO] 
[INFO] --- jacoco:0.8.12:report (jacoco-merged-report) @ microservices-common-security ---
[INFO] Skipping JaCoCo execution due to missing execution data file.
[INFO] 
[INFO] --- jacoco:0.8.12:check (jacoco-check) @ microservices-common-security ---
[INFO] Skipping JaCoCo execution due to missing execution data file:D:\IOE-DREAM\microservices\microservices-common-security\target\jacoco-merged.exec
[INFO] 
[INFO] --- install:3.1.2:install (default-install) @ microservices-common-security ---
[INFO] Installing D:\IOE-DREAM\microservices\microservices-common-security\pom.xml to C:\Users\10201\.m2\repository\net\lab1024\sa\microservices-common-security\1.0.0\microservices-common-security-1.0.0.pom
[INFO] Installing D:\IOE-DREAM\microservices\microservices-common-security\target\microservices-common-security-1.0.0.jar to C:\Users\10201\.m2\repository\net\lab1024\sa\microservices-common-security\1.0.0\microservices-common-security-1.0.0.jar
[INFO] 
[INFO] ------------< net.lab1024.sa:microservices-common-monitor >-------------
[INFO] Building Microservices Common Monitor 1.0.0                       [8/26]
[INFO]   from microservices-common-monitor\pom.xml
[INFO] --------------------------------[ jar ]---------------------------------
[WARNING] Parameter 'encoding' is unknown for plugin 'jacoco-maven-plugin:0.8.12:prepare-agent (jacoco-prepare-agent)'
[WARNING] Parameter 'encoding' is unknown for plugin 'jacoco-maven-plugin:0.8.12:report (jacoco-report)'
[WARNING] Parameter 'encoding' is unknown for plugin 'jacoco-maven-plugin:0.8.12:report (jacoco-integration-test)'
[WARNING] Parameter 'encoding' is unknown for plugin 'jacoco-maven-plugin:0.8.12:merge (jacoco-merge)'
[WARNING] Parameter 'encoding' is unknown for plugin 'jacoco-maven-plugin:0.8.12:report (jacoco-merged-report)'
[WARNING] Parameter 'encoding' is unknown for plugin 'jacoco-maven-plugin:0.8.12:check (jacoco-check)'
[INFO] 
[INFO] --- enforcer:3.5.0:enforce (enforce-java-maven) @ microservices-common-monitor ---
[INFO] 
[INFO] --- exec:3.1.1:exec (check-manager-bean-registration) @ microservices-common-monitor ---
[INFO] skipping execute as per configuration
[INFO] 
[INFO] --- jacoco:0.8.12:prepare-agent (jacoco-prepare-agent) @ microservices-common-monitor ---
[INFO] jacocoArgLine set to -javaagent:C:\\Users\\10201\\.m2\\repository\\org\\jacoco\\org.jacoco.agent\\0.8.12\\org.jacoco.agent-0.8.12-runtime.jar=destfile=D:\\IOE-DREAM\\microservices\\microservices-common-monitor\\target\\jacoco.exec,includes=**/*.class,excludes=**/*Test*.class:**/*Tests.class:**/*Application.class:**/*Config*.class:**/*Configuration.class:**/dto/**/*.class:**/vo/**/*.class:**/form/**/*.class:**/entity/**/*.class:**/constant/**/*.class:**/constants/**/*.class:**/exception/**/*.class:**/*Exception.class:**/*Enum.class:**/generated/**/*.class:**/openapi/**/*.class
[INFO] 
[INFO] --- resources:3.3.1:resources (default-resources) @ microservices-common-monitor ---
[INFO] skip non existing resourceDirectory D:\IOE-DREAM\microservices\microservices-common-monitor\src\main\resources
[INFO] skip non existing resourceDirectory D:\IOE-DREAM\microservices\microservices-common-monitor\src\main\resources
[INFO] 
[INFO] --- compiler:3.13.0:compile (default-compile) @ microservices-common-monitor ---
[INFO] Nothing to compile - all classes are up to date.
[INFO] 
[INFO] --- resources:3.3.1:testResources (default-testResources) @ microservices-common-monitor ---
[INFO] Not copying test resources
[INFO] 
[INFO] --- compiler:3.13.0:testCompile (default-testCompile) @ microservices-common-monitor ---
[INFO] Not compiling test sources
[INFO] 
[INFO] --- surefire:3.2.5:test (default-test) @ microservices-common-monitor ---
[INFO] Tests are skipped.
[INFO] 
[INFO] --- jacoco:0.8.12:report (jacoco-report) @ microservices-common-monitor ---
[INFO] Skipping JaCoCo execution due to missing execution data file.
[INFO] 
[INFO] --- jar:3.4.1:jar (default-jar) @ microservices-common-monitor ---
[INFO] 
[INFO] --- spring-boot:3.5.8:repackage (default) @ microservices-common-monitor ---
[INFO] 
[INFO] --- failsafe:3.2.5:integration-test (default) @ microservices-common-monitor ---
[INFO] Tests are skipped.
[INFO] 
[INFO] --- jacoco:0.8.12:report (jacoco-integration-test) @ microservices-common-monitor ---
[INFO] Skipping JaCoCo execution due to missing execution data file.
[INFO] 
[INFO] >>> pmd:3.21.2:check (default) > :pmd @ microservices-common-monitor >>>
[INFO] 
[INFO] --- pmd:3.21.2:pmd (pmd) @ microservices-common-monitor ---
[INFO] Skipping PMD execution
[INFO] 
[INFO] <<< pmd:3.21.2:check (default) < :pmd @ microservices-common-monitor <<<
[INFO] 
[INFO] 
[INFO] --- pmd:3.21.2:check (default) @ microservices-common-monitor ---
[INFO] Skipping PMD execution
[INFO] 
[INFO] --- failsafe:3.2.5:verify (default) @ microservices-common-monitor ---
[INFO] Tests are skipped.
[INFO] 
[INFO] --- jacoco:0.8.12:merge (jacoco-merge) @ microservices-common-monitor ---
[INFO] Skipping JaCoCo merge execution due to missing execution data files
[INFO] 
[INFO] --- jacoco:0.8.12:report (jacoco-merged-report) @ microservices-common-monitor ---
[INFO] Skipping JaCoCo execution due to missing execution data file.
[INFO] 
[INFO] --- jacoco:0.8.12:check (jacoco-check) @ microservices-common-monitor ---
[INFO] Skipping JaCoCo execution due to missing execution data file:D:\IOE-DREAM\microservices\microservices-common-monitor\target\jacoco-merged.exec
[INFO] 
[INFO] --- install:3.1.2:install (default-install) @ microservices-common-monitor ---
[INFO] Installing D:\IOE-DREAM\microservices\microservices-common-monitor\pom.xml to C:\Users\10201\.m2\repository\net\lab1024\sa\microservices-common-monitor\1.0.0\microservices-common-monitor-1.0.0.pom
[INFO] Installing D:\IOE-DREAM\microservices\microservices-common-monitor\target\microservices-common-monitor-1.0.0.jar to C:\Users\10201\.m2\repository\net\lab1024\sa\microservices-common-monitor\1.0.0\microservices-common-monitor-1.0.0.jar
[INFO] 
[INFO] -------------< net.lab1024.sa:microservices-common-export >-------------
[INFO] Building Microservices Common Export 1.0.0                        [9/26]
[INFO]   from microservices-common-export\pom.xml
[INFO] --------------------------------[ jar ]---------------------------------
[WARNING] Parameter 'encoding' is unknown for plugin 'jacoco-maven-plugin:0.8.12:prepare-agent (jacoco-prepare-agent)'
[WARNING] Parameter 'encoding' is unknown for plugin 'jacoco-maven-plugin:0.8.12:report (jacoco-report)'
[WARNING] Parameter 'encoding' is unknown for plugin 'jacoco-maven-plugin:0.8.12:report (jacoco-integration-test)'
[WARNING] Parameter 'encoding' is unknown for plugin 'jacoco-maven-plugin:0.8.12:merge (jacoco-merge)'
[WARNING] Parameter 'encoding' is unknown for plugin 'jacoco-maven-plugin:0.8.12:report (jacoco-merged-report)'
[WARNING] Parameter 'encoding' is unknown for plugin 'jacoco-maven-plugin:0.8.12:check (jacoco-check)'
[INFO] 
[INFO] --- enforcer:3.5.0:enforce (enforce-java-maven) @ microservices-common-export ---
[INFO] 
[INFO] --- exec:3.1.1:exec (check-manager-bean-registration) @ microservices-common-export ---
[INFO] skipping execute as per configuration
[INFO] 
[INFO] --- jacoco:0.8.12:prepare-agent (jacoco-prepare-agent) @ microservices-common-export ---
[INFO] jacocoArgLine set to -javaagent:C:\\Users\\10201\\.m2\\repository\\org\\jacoco\\org.jacoco.agent\\0.8.12\\org.jacoco.agent-0.8.12-runtime.jar=destfile=D:\\IOE-DREAM\\microservices\\microservices-common-export\\target\\jacoco.exec,includes=**/*.class,excludes=**/*Test*.class:**/*Tests.class:**/*Application.class:**/*Config*.class:**/*Configuration.class:**/dto/**/*.class:**/vo/**/*.class:**/form/**/*.class:**/entity/**/*.class:**/constant/**/*.class:**/constants/**/*.class:**/exception/**/*.class:**/*Exception.class:**/*Enum.class:**/generated/**/*.class:**/openapi/**/*.class
[INFO] 
[INFO] --- resources:3.3.1:resources (default-resources) @ microservices-common-export ---
[INFO] skip non existing resourceDirectory D:\IOE-DREAM\microservices\microservices-common-export\src\main\resources
[INFO] skip non existing resourceDirectory D:\IOE-DREAM\microservices\microservices-common-export\src\main\resources
[INFO] 
[INFO] --- compiler:3.13.0:compile (default-compile) @ microservices-common-export ---
[INFO] Nothing to compile - all classes are up to date.
[INFO] 
[INFO] --- resources:3.3.1:testResources (default-testResources) @ microservices-common-export ---
[INFO] Not copying test resources
[INFO] 
[INFO] --- compiler:3.13.0:testCompile (default-testCompile) @ microservices-common-export ---
[INFO] Not compiling test sources
[INFO] 
[INFO] --- surefire:3.2.5:test (default-test) @ microservices-common-export ---
[INFO] Tests are skipped.
[INFO] 
[INFO] --- jacoco:0.8.12:report (jacoco-report) @ microservices-common-export ---
[INFO] Skipping JaCoCo execution due to missing execution data file.
[INFO] 
[INFO] --- jar:3.4.1:jar (default-jar) @ microservices-common-export ---
[INFO] 
[INFO] --- spring-boot:3.5.8:repackage (default) @ microservices-common-export ---
[INFO] 
[INFO] --- failsafe:3.2.5:integration-test (default) @ microservices-common-export ---
[INFO] Tests are skipped.
[INFO] 
[INFO] --- jacoco:0.8.12:report (jacoco-integration-test) @ microservices-common-export ---
[INFO] Skipping JaCoCo execution due to missing execution data file.
[INFO] 
[INFO] >>> pmd:3.21.2:check (default) > :pmd @ microservices-common-export >>>
[INFO] 
[INFO] --- pmd:3.21.2:pmd (pmd) @ microservices-common-export ---
[INFO] Skipping PMD execution
[INFO] 
[INFO] <<< pmd:3.21.2:check (default) < :pmd @ microservices-common-export <<<
[INFO] 
[INFO] 
[INFO] --- pmd:3.21.2:check (default) @ microservices-common-export ---
[INFO] Skipping PMD execution
[INFO] 
[INFO] --- failsafe:3.2.5:verify (default) @ microservices-common-export ---
[INFO] Tests are skipped.
[INFO] 
[INFO] --- jacoco:0.8.12:merge (jacoco-merge) @ microservices-common-export ---
[INFO] Skipping JaCoCo merge execution due to missing execution data files
[INFO] 
[INFO] --- jacoco:0.8.12:report (jacoco-merged-report) @ microservices-common-export ---
[INFO] Skipping JaCoCo execution due to missing execution data file.
[INFO] 
[INFO] --- jacoco:0.8.12:check (jacoco-check) @ microservices-common-export ---
[INFO] Skipping JaCoCo execution due to missing execution data file:D:\IOE-DREAM\microservices\microservices-common-export\target\jacoco-merged.exec
[INFO] 
[INFO] --- install:3.1.2:install (default-install) @ microservices-common-export ---
[INFO] Installing D:\IOE-DREAM\microservices\microservices-common-export\pom.xml to C:\Users\10201\.m2\repository\net\lab1024\sa\microservices-common-export\1.0.0\microservices-common-export-1.0.0.pom
[INFO] Installing D:\IOE-DREAM\microservices\microservices-common-export\target\microservices-common-export-1.0.0.jar to C:\Users\10201\.m2\repository\net\lab1024\sa\microservices-common-export\1.0.0\microservices-common-export-1.0.0.jar
[INFO] 
[INFO] ------------< net.lab1024.sa:microservices-common-workflow >------------
[INFO] Building Microservices Common Workflow 1.0.0                     [10/26]
[INFO]   from microservices-common-workflow\pom.xml
[INFO] --------------------------------[ jar ]---------------------------------
[WARNING] Parameter 'encoding' is unknown for plugin 'jacoco-maven-plugin:0.8.12:prepare-agent (jacoco-prepare-agent)'
[WARNING] Parameter 'encoding' is unknown for plugin 'jacoco-maven-plugin:0.8.12:report (jacoco-report)'
[WARNING] Parameter 'encoding' is unknown for plugin 'jacoco-maven-plugin:0.8.12:report (jacoco-integration-test)'
[WARNING] Parameter 'encoding' is unknown for plugin 'jacoco-maven-plugin:0.8.12:merge (jacoco-merge)'
[WARNING] Parameter 'encoding' is unknown for plugin 'jacoco-maven-plugin:0.8.12:report (jacoco-merged-report)'
[WARNING] Parameter 'encoding' is unknown for plugin 'jacoco-maven-plugin:0.8.12:check (jacoco-check)'
[INFO] 
[INFO] --- enforcer:3.5.0:enforce (enforce-java-maven) @ microservices-common-workflow ---
[INFO] 
[INFO] --- exec:3.1.1:exec (check-manager-bean-registration) @ microservices-common-workflow ---
[INFO] skipping execute as per configuration
[INFO] 
[INFO] --- jacoco:0.8.12:prepare-agent (jacoco-prepare-agent) @ microservices-common-workflow ---
[INFO] jacocoArgLine set to -javaagent:C:\\Users\\10201\\.m2\\repository\\org\\jacoco\\org.jacoco.agent\\0.8.12\\org.jacoco.agent-0.8.12-runtime.jar=destfile=D:\\IOE-DREAM\\microservices\\microservices-common-workflow\\target\\jacoco.exec,includes=**/*.class,excludes=**/*Test*.class:**/*Tests.class:**/*Application.class:**/*Config*.class:**/*Configuration.class:**/dto/**/*.class:**/vo/**/*.class:**/form/**/*.class:**/entity/**/*.class:**/constant/**/*.class:**/constants/**/*.class:**/exception/**/*.class:**/*Exception.class:**/*Enum.class:**/generated/**/*.class:**/openapi/**/*.class
[INFO] 
[INFO] --- resources:3.3.1:resources (default-resources) @ microservices-common-workflow ---
[INFO] skip non existing resourceDirectory D:\IOE-DREAM\microservices\microservices-common-workflow\src\main\resources
[INFO] skip non existing resourceDirectory D:\IOE-DREAM\microservices\microservices-common-workflow\src\main\resources
[INFO] 
[INFO] --- compiler:3.13.0:compile (default-compile) @ microservices-common-workflow ---
[INFO] Nothing to compile - all classes are up to date.
[INFO] 
[INFO] --- resources:3.3.1:testResources (default-testResources) @ microservices-common-workflow ---
[INFO] Not copying test resources
[INFO] 
[INFO] --- compiler:3.13.0:testCompile (default-testCompile) @ microservices-common-workflow ---
[INFO] Not compiling test sources
[INFO] 
[INFO] --- surefire:3.2.5:test (default-test) @ microservices-common-workflow ---
[INFO] Tests are skipped.
[INFO] 
[INFO] --- jacoco:0.8.12:report (jacoco-report) @ microservices-common-workflow ---
[INFO] Skipping JaCoCo execution due to missing execution data file.
[INFO] 
[INFO] --- jar:3.4.1:jar (default-jar) @ microservices-common-workflow ---
[INFO] 
[INFO] --- spring-boot:3.5.8:repackage (default) @ microservices-common-workflow ---
[INFO] 
[INFO] --- failsafe:3.2.5:integration-test (default) @ microservices-common-workflow ---
[INFO] Tests are skipped.
[INFO] 
[INFO] --- jacoco:0.8.12:report (jacoco-integration-test) @ microservices-common-workflow ---
[INFO] Skipping JaCoCo execution due to missing execution data file.
[INFO] 
[INFO] >>> pmd:3.21.2:check (default) > :pmd @ microservices-common-workflow >>>
[INFO] 
[INFO] --- pmd:3.21.2:pmd (pmd) @ microservices-common-workflow ---
[INFO] Skipping PMD execution
[INFO] 
[INFO] <<< pmd:3.21.2:check (default) < :pmd @ microservices-common-workflow <<<
[INFO] 
[INFO] 
[INFO] --- pmd:3.21.2:check (default) @ microservices-common-workflow ---
[INFO] Skipping PMD execution
[INFO] 
[INFO] --- failsafe:3.2.5:verify (default) @ microservices-common-workflow ---
[INFO] Tests are skipped.
[INFO] 
[INFO] --- jacoco:0.8.12:merge (jacoco-merge) @ microservices-common-workflow ---
[INFO] Skipping JaCoCo merge execution due to missing execution data files
[INFO] 
[INFO] --- jacoco:0.8.12:report (jacoco-merged-report) @ microservices-common-workflow ---
[INFO] Skipping JaCoCo execution due to missing execution data file.
[INFO] 
[INFO] --- jacoco:0.8.12:check (jacoco-check) @ microservices-common-workflow ---
[INFO] Skipping JaCoCo execution due to missing execution data file:D:\IOE-DREAM\microservices\microservices-common-workflow\target\jacoco-merged.exec
[INFO] 
[INFO] --- install:3.1.2:install (default-install) @ microservices-common-workflow ---
[INFO] Installing D:\IOE-DREAM\microservices\microservices-common-workflow\pom.xml to C:\Users\10201\.m2\repository\net\lab1024\sa\microservices-common-workflow\1.0.0\microservices-common-workflow-1.0.0.pom
[INFO] Installing D:\IOE-DREAM\microservices\microservices-common-workflow\target\microservices-common-workflow-1.0.0.jar to C:\Users\10201\.m2\repository\net\lab1024\sa\microservices-common-workflow\1.0.0\microservices-common-workflow-1.0.0.jar
[INFO] 
[INFO] ---------< net.lab1024.sa:microservices-common-gateway-client >---------
[INFO] Building IOE-DREAM Common Gateway Client 1.0.0                   [11/26]
[INFO]   from microservices-common-gateway-client\pom.xml
[INFO] --------------------------------[ jar ]---------------------------------
[WARNING] Parameter 'encoding' is unknown for plugin 'jacoco-maven-plugin:0.8.12:prepare-agent (jacoco-prepare-agent)'
[WARNING] Parameter 'encoding' is unknown for plugin 'jacoco-maven-plugin:0.8.12:report (jacoco-report)'
[WARNING] Parameter 'encoding' is unknown for plugin 'jacoco-maven-plugin:0.8.12:report (jacoco-integration-test)'
[WARNING] Parameter 'encoding' is unknown for plugin 'jacoco-maven-plugin:0.8.12:merge (jacoco-merge)'
[WARNING] Parameter 'encoding' is unknown for plugin 'jacoco-maven-plugin:0.8.12:report (jacoco-merged-report)'
[WARNING] Parameter 'encoding' is unknown for plugin 'jacoco-maven-plugin:0.8.12:check (jacoco-check)'
[INFO] 
[INFO] --- enforcer:3.5.0:enforce (enforce-java-maven) @ microservices-common-gateway-client ---
[INFO] 
[INFO] --- exec:3.1.1:exec (check-manager-bean-registration) @ microservices-common-gateway-client ---
[INFO] skipping execute as per configuration
[INFO] 
[INFO] --- jacoco:0.8.12:prepare-agent (jacoco-prepare-agent) @ microservices-common-gateway-client ---
[INFO] jacocoArgLine set to -javaagent:C:\\Users\\10201\\.m2\\repository\\org\\jacoco\\org.jacoco.agent\\0.8.12\\org.jacoco.agent-0.8.12-runtime.jar=destfile=D:\\IOE-DREAM\\microservices\\microservices-common-gateway-client\\target\\jacoco.exec,includes=**/*.class,excludes=**/*Test*.class:**/*Tests.class:**/*Application.class:**/*Config*.class:**/*Configuration.class:**/dto/**/*.class:**/vo/**/*.class:**/form/**/*.class:**/entity/**/*.class:**/constant/**/*.class:**/constants/**/*.class:**/exception/**/*.class:**/*Exception.class:**/*Enum.class:**/generated/**/*.class:**/openapi/**/*.class
[INFO] 
[INFO] --- resources:3.3.1:resources (default-resources) @ microservices-common-gateway-client ---
[INFO] skip non existing resourceDirectory D:\IOE-DREAM\microservices\microservices-common-gateway-client\src\main\resources
[INFO] skip non existing resourceDirectory D:\IOE-DREAM\microservices\microservices-common-gateway-client\src\main\resources
[INFO] 
[INFO] --- compiler:3.13.0:compile (default-compile) @ microservices-common-gateway-client ---
[INFO] Nothing to compile - all classes are up to date.
[INFO] 
[INFO] --- resources:3.3.1:testResources (default-testResources) @ microservices-common-gateway-client ---
[INFO] Not copying test resources
[INFO] 
[INFO] --- compiler:3.13.0:testCompile (default-testCompile) @ microservices-common-gateway-client ---
[INFO] Not compiling test sources
[INFO] 
[INFO] --- surefire:3.2.5:test (default-test) @ microservices-common-gateway-client ---
[INFO] Tests are skipped.
[INFO] 
[INFO] --- jacoco:0.8.12:report (jacoco-report) @ microservices-common-gateway-client ---
[INFO] Skipping JaCoCo execution due to missing execution data file.
[INFO] 
[INFO] --- jar:3.4.1:jar (default-jar) @ microservices-common-gateway-client ---
[INFO] 
[INFO] --- spring-boot:3.5.8:repackage (default) @ microservices-common-gateway-client ---
[INFO] 
[INFO] --- failsafe:3.2.5:integration-test (default) @ microservices-common-gateway-client ---
[INFO] Tests are skipped.
[INFO] 
[INFO] --- jacoco:0.8.12:report (jacoco-integration-test) @ microservices-common-gateway-client ---
[INFO] Skipping JaCoCo execution due to missing execution data file.
[INFO] 
[INFO] >>> pmd:3.21.2:check (default) > :pmd @ microservices-common-gateway-client >>>
[INFO] 
[INFO] --- pmd:3.21.2:pmd (pmd) @ microservices-common-gateway-client ---
[INFO] Skipping PMD execution
[INFO] 
[INFO] <<< pmd:3.21.2:check (default) < :pmd @ microservices-common-gateway-client <<<
[INFO] 
[INFO] 
[INFO] --- pmd:3.21.2:check (default) @ microservices-common-gateway-client ---
[INFO] Skipping PMD execution
[INFO] 
[INFO] --- failsafe:3.2.5:verify (default) @ microservices-common-gateway-client ---
[INFO] Tests are skipped.
[INFO] 
[INFO] --- jacoco:0.8.12:merge (jacoco-merge) @ microservices-common-gateway-client ---
[INFO] Skipping JaCoCo merge execution due to missing execution data files
[INFO] 
[INFO] --- jacoco:0.8.12:report (jacoco-merged-report) @ microservices-common-gateway-client ---
[INFO] Skipping JaCoCo execution due to missing execution data file.
[INFO] 
[INFO] --- jacoco:0.8.12:check (jacoco-check) @ microservices-common-gateway-client ---
[INFO] Skipping JaCoCo execution due to missing execution data file:D:\IOE-DREAM\microservices\microservices-common-gateway-client\target\jacoco-merged.exec
[INFO] 
[INFO] --- install:3.1.2:install (default-install) @ microservices-common-gateway-client ---
[INFO] Installing D:\IOE-DREAM\microservices\microservices-common-gateway-client\pom.xml to C:\Users\10201\.m2\repository\net\lab1024\sa\microservices-common-gateway-client\1.0.0\microservices-common-gateway-client-1.0.0.pom
[INFO] Installing D:\IOE-DREAM\microservices\microservices-common-gateway-client\target\microservices-common-gateway-client-1.0.0.jar to C:\Users\10201\.m2\repository\net\lab1024\sa\microservices-common-gateway-client\1.0.0\microservices-common-gateway-client-1.0.0.jar
[INFO] 
[INFO] ------------< net.lab1024.sa:microservices-common-business >------------
[INFO] Building Microservices Common Business 1.0.0                     [12/26]
[INFO]   from microservices-common-business\pom.xml
[INFO] --------------------------------[ jar ]---------------------------------
[WARNING] Parameter 'encoding' is unknown for plugin 'jacoco-maven-plugin:0.8.12:prepare-agent (jacoco-prepare-agent)'
[WARNING] Parameter 'encoding' is unknown for plugin 'jacoco-maven-plugin:0.8.12:report (jacoco-report)'
[WARNING] Parameter 'encoding' is unknown for plugin 'jacoco-maven-plugin:0.8.12:report (jacoco-integration-test)'
[WARNING] Parameter 'encoding' is unknown for plugin 'jacoco-maven-plugin:0.8.12:merge (jacoco-merge)'
[WARNING] Parameter 'encoding' is unknown for plugin 'jacoco-maven-plugin:0.8.12:report (jacoco-merged-report)'
[WARNING] Parameter 'encoding' is unknown for plugin 'jacoco-maven-plugin:0.8.12:check (jacoco-check)'
[INFO] 
[INFO] --- enforcer:3.5.0:enforce (enforce-java-maven) @ microservices-common-business ---
[INFO] 
[INFO] --- exec:3.1.1:exec (check-manager-bean-registration) @ microservices-common-business ---
[INFO] skipping execute as per configuration
[INFO] 
[INFO] --- jacoco:0.8.12:prepare-agent (jacoco-prepare-agent) @ microservices-common-business ---
[INFO] jacocoArgLine set to -javaagent:C:\\Users\\10201\\.m2\\repository\\org\\jacoco\\org.jacoco.agent\\0.8.12\\org.jacoco.agent-0.8.12-runtime.jar=destfile=D:\\IOE-DREAM\\microservices\\microservices-common-business\\target\\jacoco.exec,includes=**/*.class,excludes=**/*Test*.class:**/*Tests.class:**/*Application.class:**/*Config*.class:**/*Configuration.class:**/dto/**/*.class:**/vo/**/*.class:**/form/**/*.class:**/entity/**/*.class:**/constant/**/*.class:**/constants/**/*.class:**/exception/**/*.class:**/*Exception.class:**/*Enum.class:**/generated/**/*.class:**/openapi/**/*.class
[INFO] 
[INFO] --- resources:3.3.1:resources (default-resources) @ microservices-common-business ---
[INFO] skip non existing resourceDirectory D:\IOE-DREAM\microservices\microservices-common-business\src\main\resources
[INFO] skip non existing resourceDirectory D:\IOE-DREAM\microservices\microservices-common-business\src\main\resources
[INFO] 
[INFO] --- compiler:3.13.0:compile (default-compile) @ microservices-common-business ---
[INFO] Nothing to compile - all classes are up to date.
[INFO] 
[INFO] --- resources:3.3.1:testResources (default-testResources) @ microservices-common-business ---
[INFO] Not copying test resources
[INFO] 
[INFO] --- compiler:3.13.0:testCompile (default-testCompile) @ microservices-common-business ---
[INFO] Not compiling test sources
[INFO] 
[INFO] --- surefire:3.2.5:test (default-test) @ microservices-common-business ---
[INFO] Tests are skipped.
[INFO] 
[INFO] --- jacoco:0.8.12:report (jacoco-report) @ microservices-common-business ---
[INFO] Skipping JaCoCo execution due to missing execution data file.
[INFO] 
[INFO] --- jar:3.4.1:jar (default-jar) @ microservices-common-business ---
[INFO] 
[INFO] --- spring-boot:3.5.8:repackage (default) @ microservices-common-business ---
[INFO] 
[INFO] --- failsafe:3.2.5:integration-test (default) @ microservices-common-business ---
[INFO] Tests are skipped.
[INFO] 
[INFO] --- jacoco:0.8.12:report (jacoco-integration-test) @ microservices-common-business ---
[INFO] Skipping JaCoCo execution due to missing execution data file.
[INFO] 
[INFO] >>> pmd:3.21.2:check (default) > :pmd @ microservices-common-business >>>
[INFO] 
[INFO] --- pmd:3.21.2:pmd (pmd) @ microservices-common-business ---
[INFO] Skipping PMD execution
[INFO] 
[INFO] <<< pmd:3.21.2:check (default) < :pmd @ microservices-common-business <<<
[INFO] 
[INFO] 
[INFO] --- pmd:3.21.2:check (default) @ microservices-common-business ---
[INFO] Skipping PMD execution
[INFO] 
[INFO] --- failsafe:3.2.5:verify (default) @ microservices-common-business ---
[INFO] Tests are skipped.
[INFO] 
[INFO] --- jacoco:0.8.12:merge (jacoco-merge) @ microservices-common-business ---
[INFO] Skipping JaCoCo merge execution due to missing execution data files
[INFO] 
[INFO] --- jacoco:0.8.12:report (jacoco-merged-report) @ microservices-common-business ---
[INFO] Skipping JaCoCo execution due to missing execution data file.
[INFO] 
[INFO] --- jacoco:0.8.12:check (jacoco-check) @ microservices-common-business ---
[INFO] Skipping JaCoCo execution due to missing execution data file:D:\IOE-DREAM\microservices\microservices-common-business\target\jacoco-merged.exec
[INFO] 
[INFO] --- install:3.1.2:install (default-install) @ microservices-common-business ---
[INFO] Installing D:\IOE-DREAM\microservices\microservices-common-business\pom.xml to C:\Users\10201\.m2\repository\net\lab1024\sa\microservices-common-business\1.0.0\microservices-common-business-1.0.0.pom
[INFO] Installing D:\IOE-DREAM\microservices\microservices-common-business\target\microservices-common-business-1.0.0.jar to C:\Users\10201\.m2\repository\net\lab1024\sa\microservices-common-business\1.0.0\microservices-common-business-1.0.0.jar
[INFO] 
[INFO] -----------< net.lab1024.sa:microservices-common-permission >-----------
[INFO] Building Microservices Common Permission 1.0.0                   [13/26]
[INFO]   from microservices-common-permission\pom.xml
[INFO] --------------------------------[ jar ]---------------------------------
[WARNING] Parameter 'encoding' is unknown for plugin 'jacoco-maven-plugin:0.8.12:prepare-agent (jacoco-prepare-agent)'
[WARNING] Parameter 'encoding' is unknown for plugin 'jacoco-maven-plugin:0.8.12:report (jacoco-report)'
[WARNING] Parameter 'encoding' is unknown for plugin 'jacoco-maven-plugin:0.8.12:report (jacoco-integration-test)'
[WARNING] Parameter 'encoding' is unknown for plugin 'jacoco-maven-plugin:0.8.12:merge (jacoco-merge)'
[WARNING] Parameter 'encoding' is unknown for plugin 'jacoco-maven-plugin:0.8.12:report (jacoco-merged-report)'
[WARNING] Parameter 'encoding' is unknown for plugin 'jacoco-maven-plugin:0.8.12:check (jacoco-check)'
[INFO] 
[INFO] --- enforcer:3.5.0:enforce (enforce-java-maven) @ microservices-common-permission ---
[INFO] 
[INFO] --- exec:3.1.1:exec (check-manager-bean-registration) @ microservices-common-permission ---
[INFO] skipping execute as per configuration
[INFO] 
[INFO] --- jacoco:0.8.12:prepare-agent (jacoco-prepare-agent) @ microservices-common-permission ---
[INFO] jacocoArgLine set to -javaagent:C:\\Users\\10201\\.m2\\repository\\org\\jacoco\\org.jacoco.agent\\0.8.12\\org.jacoco.agent-0.8.12-runtime.jar=destfile=D:\\IOE-DREAM\\microservices\\microservices-common-permission\\target\\jacoco.exec,includes=**/*.class,excludes=**/*Test*.class:**/*Tests.class:**/*Application.class:**/*Config*.class:**/*Configuration.class:**/dto/**/*.class:**/vo/**/*.class:**/form/**/*.class:**/entity/**/*.class:**/constant/**/*.class:**/constants/**/*.class:**/exception/**/*.class:**/*Exception.class:**/*Enum.class:**/generated/**/*.class:**/openapi/**/*.class
[INFO] 
[INFO] --- resources:3.3.1:resources (default-resources) @ microservices-common-permission ---
[INFO] skip non existing resourceDirectory D:\IOE-DREAM\microservices\microservices-common-permission\src\main\resources
[INFO] skip non existing resourceDirectory D:\IOE-DREAM\microservices\microservices-common-permission\src\main\resources
[INFO] 
[INFO] --- compiler:3.13.0:compile (default-compile) @ microservices-common-permission ---
[INFO] Nothing to compile - all classes are up to date.
[INFO] 
[INFO] --- resources:3.3.1:testResources (default-testResources) @ microservices-common-permission ---
[INFO] Not copying test resources
[INFO] 
[INFO] --- compiler:3.13.0:testCompile (default-testCompile) @ microservices-common-permission ---
[INFO] Not compiling test sources
[INFO] 
[INFO] --- surefire:3.2.5:test (default-test) @ microservices-common-permission ---
[INFO] Tests are skipped.
[INFO] 
[INFO] --- jacoco:0.8.12:report (jacoco-report) @ microservices-common-permission ---
[INFO] Skipping JaCoCo execution due to missing execution data file.
[INFO] 
[INFO] --- jar:3.4.1:jar (default-jar) @ microservices-common-permission ---
[INFO] 
[INFO] --- spring-boot:3.5.8:repackage (default) @ microservices-common-permission ---
[INFO] 
[INFO] --- failsafe:3.2.5:integration-test (default) @ microservices-common-permission ---
[INFO] Tests are skipped.
[INFO] 
[INFO] --- jacoco:0.8.12:report (jacoco-integration-test) @ microservices-common-permission ---
[INFO] Skipping JaCoCo execution due to missing execution data file.
[INFO] 
[INFO] >>> pmd:3.21.2:check (default) > :pmd @ microservices-common-permission >>>
[INFO] 
[INFO] --- pmd:3.21.2:pmd (pmd) @ microservices-common-permission ---
[INFO] Skipping PMD execution
[INFO] 
[INFO] <<< pmd:3.21.2:check (default) < :pmd @ microservices-common-permission <<<
[INFO] 
[INFO] 
[INFO] --- pmd:3.21.2:check (default) @ microservices-common-permission ---
[INFO] Skipping PMD execution
[INFO] 
[INFO] --- failsafe:3.2.5:verify (default) @ microservices-common-permission ---
[INFO] Tests are skipped.
[INFO] 
[INFO] --- jacoco:0.8.12:merge (jacoco-merge) @ microservices-common-permission ---
[INFO] Skipping JaCoCo merge execution due to missing execution data files
[INFO] 
[INFO] --- jacoco:0.8.12:report (jacoco-merged-report) @ microservices-common-permission ---
[INFO] Skipping JaCoCo execution due to missing execution data file.
[INFO] 
[INFO] --- jacoco:0.8.12:check (jacoco-check) @ microservices-common-permission ---
[INFO] Skipping JaCoCo execution due to missing execution data file:D:\IOE-DREAM\microservices\microservices-common-permission\target\jacoco-merged.exec
[INFO] 
[INFO] --- install:3.1.2:install (default-install) @ microservices-common-permission ---
[INFO] Installing D:\IOE-DREAM\microservices\microservices-common-permission\pom.xml to C:\Users\10201\.m2\repository\net\lab1024\sa\microservices-common-permission\1.0.0\microservices-common-permission-1.0.0.pom
[INFO] Installing D:\IOE-DREAM\microservices\microservices-common-permission\target\microservices-common-permission-1.0.0.jar to C:\Users\10201\.m2\repository\net\lab1024\sa\microservices-common-permission\1.0.0\microservices-common-permission-1.0.0.jar
[INFO] 
[INFO] ----------------< net.lab1024.sa:microservices-common >-----------------
[INFO] Building IOE-DREAM Common Module 1.0.0                           [14/26]
[INFO]   from microservices-common\pom.xml
[INFO] --------------------------------[ jar ]---------------------------------
[WARNING] Parameter 'encoding' is unknown for plugin 'jacoco-maven-plugin:0.8.12:prepare-agent (jacoco-prepare-agent)'
[WARNING] Parameter 'encoding' is unknown for plugin 'jacoco-maven-plugin:0.8.12:report (jacoco-report)'
[WARNING] Parameter 'encoding' is unknown for plugin 'jacoco-maven-plugin:0.8.12:report (jacoco-integration-test)'
[WARNING] Parameter 'encoding' is unknown for plugin 'jacoco-maven-plugin:0.8.12:merge (jacoco-merge)'
[WARNING] Parameter 'encoding' is unknown for plugin 'jacoco-maven-plugin:0.8.12:report (jacoco-merged-report)'
[WARNING] Parameter 'encoding' is unknown for plugin 'jacoco-maven-plugin:0.8.12:check (jacoco-check)'
[INFO] 
[INFO] --- enforcer:3.5.0:enforce (enforce-java-maven) @ microservices-common ---
[INFO] 
[INFO] --- exec:3.1.1:exec (check-manager-bean-registration) @ microservices-common ---
[INFO] skipping execute as per configuration
[INFO] 
[INFO] --- jacoco:0.8.12:prepare-agent (jacoco-prepare-agent) @ microservices-common ---
[INFO] jacocoArgLine set to -javaagent:C:\\Users\\10201\\.m2\\repository\\org\\jacoco\\org.jacoco.agent\\0.8.12\\org.jacoco.agent-0.8.12-runtime.jar=destfile=D:\\IOE-DREAM\\microservices\\microservices-common\\target\\jacoco.exec,includes=**/*.class,excludes=**/*Test*.class:**/*Tests.class:**/*Application.class:**/*Config*.class:**/*Configuration.class:**/dto/**/*.class:**/vo/**/*.class:**/form/**/*.class:**/entity/**/*.class:**/constant/**/*.class:**/constants/**/*.class:**/exception/**/*.class:**/*Exception.class:**/*Enum.class:**/generated/**/*.class:**/openapi/**/*.class
[INFO] 
[INFO] --- resources:3.3.1:resources (default-resources) @ microservices-common ---
[INFO] Copying 2 resources from src\main\resources to target\classes
[INFO] Copying 6 resources from src\main\resources to target\classes
[INFO] 
[INFO] --- compiler:3.13.0:compile (default-compile) @ microservices-common ---
[INFO] Nothing to compile - all classes are up to date.
[INFO] 
[INFO] --- resources:3.3.1:testResources (default-testResources) @ microservices-common ---
[INFO] Not copying test resources
[INFO] 
[INFO] --- compiler:3.13.0:testCompile (default-testCompile) @ microservices-common ---
[INFO] Not compiling test sources
[INFO] 
[INFO] --- surefire:3.2.5:test (default-test) @ microservices-common ---
[INFO] Tests are skipped.
[INFO] 
[INFO] --- jacoco:0.8.12:report (jacoco-report) @ microservices-common ---
[INFO] Skipping JaCoCo execution due to missing execution data file.
[INFO] 
[INFO] --- jar:3.4.1:jar (default-jar) @ microservices-common ---
[INFO] 
[INFO] --- spring-boot:3.5.8:repackage (default) @ microservices-common ---
[INFO] 
[INFO] --- failsafe:3.2.5:integration-test (default) @ microservices-common ---
[INFO] Tests are skipped.
[INFO] 
[INFO] --- jacoco:0.8.12:report (jacoco-integration-test) @ microservices-common ---
[INFO] Skipping JaCoCo execution due to missing execution data file.
[INFO] 
[INFO] >>> pmd:3.21.2:check (default) > :pmd @ microservices-common >>>
[INFO] 
[INFO] --- pmd:3.21.2:pmd (pmd) @ microservices-common ---
[INFO] Skipping PMD execution
[INFO] 
[INFO] <<< pmd:3.21.2:check (default) < :pmd @ microservices-common <<<
[INFO] 
[INFO] 
[INFO] --- pmd:3.21.2:check (default) @ microservices-common ---
[INFO] Skipping PMD execution
[INFO] 
[INFO] --- failsafe:3.2.5:verify (default) @ microservices-common ---
[INFO] Tests are skipped.
[INFO] 
[INFO] --- jacoco:0.8.12:merge (jacoco-merge) @ microservices-common ---
[INFO] Skipping JaCoCo merge execution due to missing execution data files
[INFO] 
[INFO] --- jacoco:0.8.12:report (jacoco-merged-report) @ microservices-common ---
[INFO] Skipping JaCoCo execution due to missing execution data file.
[INFO] 
[INFO] --- jacoco:0.8.12:check (jacoco-check) @ microservices-common ---
[INFO] Skipping JaCoCo execution due to missing execution data file:D:\IOE-DREAM\microservices\microservices-common\target\jacoco-merged.exec
[INFO] 
[INFO] --- install:3.1.2:install (default-install) @ microservices-common ---
[INFO] Installing D:\IOE-DREAM\microservices\microservices-common\pom.xml to C:\Users\10201\.m2\repository\net\lab1024\sa\microservices-common\1.0.0\microservices-common-1.0.0.pom
[INFO] Installing D:\IOE-DREAM\microservices\microservices-common\target\microservices-common-1.0.0.jar to C:\Users\10201\.m2\repository\net\lab1024\sa\microservices-common\1.0.0\microservices-common-1.0.0.jar
[INFO] 
[INFO] ------------------< net.lab1024.sa:ioedream-db-init >-------------------
[INFO] Building ioedream-db-init 1.0.0                                  [15/26]
[INFO]   from ioedream-db-init\pom.xml
[INFO] --------------------------------[ jar ]---------------------------------
[WARNING] Parameter 'encoding' is unknown for plugin 'jacoco-maven-plugin:0.8.12:prepare-agent (jacoco-prepare-agent)'
[WARNING] Parameter 'encoding' is unknown for plugin 'jacoco-maven-plugin:0.8.12:report (jacoco-report)'
[WARNING] Parameter 'encoding' is unknown for plugin 'jacoco-maven-plugin:0.8.12:report (jacoco-integration-test)'
[WARNING] Parameter 'encoding' is unknown for plugin 'jacoco-maven-plugin:0.8.12:merge (jacoco-merge)'
[WARNING] Parameter 'encoding' is unknown for plugin 'jacoco-maven-plugin:0.8.12:report (jacoco-merged-report)'
[WARNING] Parameter 'encoding' is unknown for plugin 'jacoco-maven-plugin:0.8.12:check (jacoco-check)'
[INFO] 
[INFO] --- enforcer:3.5.0:enforce (enforce-java-maven) @ ioedream-db-init ---
[INFO] 
[INFO] --- exec:3.1.1:exec (check-manager-bean-registration) @ ioedream-db-init ---
[INFO] skipping execute as per configuration
[INFO] 
[INFO] --- jacoco:0.8.12:prepare-agent (jacoco-prepare-agent) @ ioedream-db-init ---
[INFO] jacocoArgLine set to -javaagent:C:\\Users\\10201\\.m2\\repository\\org\\jacoco\\org.jacoco.agent\\0.8.12\\org.jacoco.agent-0.8.12-runtime.jar=destfile=D:\\IOE-DREAM\\microservices\\ioedream-db-init\\target\\jacoco.exec,includes=**/*.class,excludes=**/*Test*.class:**/*Tests.class:**/*Application.class:**/*Config*.class:**/*Configuration.class:**/dto/**/*.class:**/vo/**/*.class:**/form/**/*.class:**/entity/**/*.class:**/constant/**/*.class:**/constants/**/*.class:**/exception/**/*.class:**/*Exception.class:**/*Enum.class:**/generated/**/*.class:**/openapi/**/*.class
[INFO] 
[INFO] --- resources:3.3.1:resources (default-resources) @ ioedream-db-init ---
[INFO] Copying 21 resources from src\main\resources to target\classes
[INFO] 
[INFO] --- compiler:3.13.0:compile (default-compile) @ ioedream-db-init ---
[INFO] No sources to compile
[INFO] 
[INFO] --- resources:3.3.1:testResources (default-testResources) @ ioedream-db-init ---
[INFO] Not copying test resources
[INFO] 
[INFO] --- compiler:3.13.0:testCompile (default-testCompile) @ ioedream-db-init ---
[INFO] Not compiling test sources
[INFO] 
[INFO] --- surefire:3.2.5:test (default-test) @ ioedream-db-init ---
[INFO] Tests are skipped.
[INFO] 
[INFO] --- jacoco:0.8.12:report (jacoco-report) @ ioedream-db-init ---
[INFO] Skipping JaCoCo execution due to missing execution data file.
[INFO] 
[INFO] --- jar:3.4.1:jar (default-jar) @ ioedream-db-init ---
[INFO] 
[INFO] --- spring-boot:3.5.8:repackage (default) @ ioedream-db-init ---
[INFO] 
[INFO] --- failsafe:3.2.5:integration-test (default) @ ioedream-db-init ---
[INFO] Tests are skipped.
[INFO] 
[INFO] --- jacoco:0.8.12:report (jacoco-integration-test) @ ioedream-db-init ---
[INFO] Skipping JaCoCo execution due to missing execution data file.
[INFO] 
[INFO] >>> pmd:3.21.2:check (default) > :pmd @ ioedream-db-init >>>
[INFO] 
[INFO] --- pmd:3.21.2:pmd (pmd) @ ioedream-db-init ---
[INFO] Skipping PMD execution
[INFO] 
[INFO] <<< pmd:3.21.2:check (default) < :pmd @ ioedream-db-init <<<
[INFO] 
[INFO] 
[INFO] --- pmd:3.21.2:check (default) @ ioedream-db-init ---
[INFO] Skipping PMD execution
[INFO] 
[INFO] --- failsafe:3.2.5:verify (default) @ ioedream-db-init ---
[INFO] Tests are skipped.
[INFO] 
[INFO] --- jacoco:0.8.12:merge (jacoco-merge) @ ioedream-db-init ---
[INFO] Skipping JaCoCo merge execution due to missing execution data files
[INFO] 
[INFO] --- jacoco:0.8.12:report (jacoco-merged-report) @ ioedream-db-init ---
[INFO] Skipping JaCoCo execution due to missing execution data file.
[INFO] 
[INFO] --- jacoco:0.8.12:check (jacoco-check) @ ioedream-db-init ---
[INFO] Skipping JaCoCo execution due to missing execution data file:D:\IOE-DREAM\microservices\ioedream-db-init\target\jacoco-merged.exec
[INFO] 
[INFO] --- install:3.1.2:install (default-install) @ ioedream-db-init ---
[INFO] Installing D:\IOE-DREAM\microservices\ioedream-db-init\pom.xml to C:\Users\10201\.m2\repository\net\lab1024\sa\ioedream-db-init\1.0.0\ioedream-db-init-1.0.0.pom
[INFO] Installing D:\IOE-DREAM\microservices\ioedream-db-init\target\ioedream-db-init-1.0.0.jar to C:\Users\10201\.m2\repository\net\lab1024\sa\ioedream-db-init\1.0.0\ioedream-db-init-1.0.0.jar
[INFO] 
[INFO] --------------< net.lab1024.sa:ioedream-gateway-service >---------------
[INFO] Building IOE-DREAM Gateway Service 1.0.0                         [16/26]
[INFO]   from ioedream-gateway-service\pom.xml
[INFO] --------------------------------[ jar ]---------------------------------
[WARNING] Parameter 'encoding' is unknown for plugin 'jacoco-maven-plugin:0.8.12:prepare-agent (jacoco-prepare-agent)'
[WARNING] Parameter 'encoding' is unknown for plugin 'jacoco-maven-plugin:0.8.12:report (jacoco-report)'
[WARNING] Parameter 'encoding' is unknown for plugin 'jacoco-maven-plugin:0.8.12:report (jacoco-integration-test)'
[WARNING] Parameter 'encoding' is unknown for plugin 'jacoco-maven-plugin:0.8.12:merge (jacoco-merge)'
[WARNING] Parameter 'encoding' is unknown for plugin 'jacoco-maven-plugin:0.8.12:report (jacoco-merged-report)'
[WARNING] Parameter 'encoding' is unknown for plugin 'jacoco-maven-plugin:0.8.12:check (jacoco-check)'
[INFO] 
[INFO] --- enforcer:3.5.0:enforce (enforce-java-maven) @ ioedream-gateway-service ---
[INFO] 
[INFO] --- exec:3.1.1:exec (check-manager-bean-registration) @ ioedream-gateway-service ---
[INFO] skipping execute as per configuration
[INFO] 
[INFO] --- jacoco:0.8.12:prepare-agent (jacoco-prepare-agent) @ ioedream-gateway-service ---
[INFO] jacocoArgLine set to -javaagent:C:\\Users\\10201\\.m2\\repository\\org\\jacoco\\org.jacoco.agent\\0.8.12\\org.jacoco.agent-0.8.12-runtime.jar=destfile=D:\\IOE-DREAM\\microservices\\ioedream-gateway-service\\target\\jacoco.exec,includes=**/*.class,excludes=**/*Test*.class:**/*Tests.class:**/*Application.class:**/*Config*.class:**/*Configuration.class:**/dto/**/*.class:**/vo/**/*.class:**/form/**/*.class:**/entity/**/*.class:**/constant/**/*.class:**/constants/**/*.class:**/exception/**/*.class:**/*Exception.class:**/*Enum.class:**/generated/**/*.class:**/openapi/**/*.class
[INFO] 
[INFO] --- resources:3.3.1:resources (default-resources) @ ioedream-gateway-service ---
[INFO] Copying 10 resources from src\main\resources to target\classes
[INFO] Copying 4 resources from src\main\resources to target\classes
[INFO] 
[INFO] --- compiler:3.13.0:compile (default-compile) @ ioedream-gateway-service ---
[INFO] Nothing to compile - all classes are up to date.
[INFO] 
[INFO] --- resources:3.3.1:testResources (default-testResources) @ ioedream-gateway-service ---
[INFO] Not copying test resources
[INFO] 
[INFO] --- compiler:3.13.0:testCompile (default-testCompile) @ ioedream-gateway-service ---
[INFO] Not compiling test sources
[INFO] 
[INFO] --- surefire:3.2.5:test (default-test) @ ioedream-gateway-service ---
[INFO] Tests are skipped.
[INFO] 
[INFO] --- jacoco:0.8.12:report (jacoco-report) @ ioedream-gateway-service ---
[INFO] Skipping JaCoCo execution due to missing execution data file.
[INFO] 
[INFO] --- jar:3.4.1:jar (default-jar) @ ioedream-gateway-service ---
[INFO] 
[INFO] --- spring-boot:3.5.8:repackage (default) @ ioedream-gateway-service ---
[INFO] Replacing main artifact D:\IOE-DREAM\microservices\ioedream-gateway-service\target\ioedream-gateway-service-1.0.0.jar with repackaged archive, adding nested dependencies in BOOT-INF/.
[INFO] The original artifact has been renamed to D:\IOE-DREAM\microservices\ioedream-gateway-service\target\ioedream-gateway-service-1.0.0.jar.original
[INFO] 
[INFO] --- failsafe:3.2.5:integration-test (default) @ ioedream-gateway-service ---
[INFO] Tests are skipped.
[INFO] 
[INFO] --- jacoco:0.8.12:report (jacoco-integration-test) @ ioedream-gateway-service ---
[INFO] Skipping JaCoCo execution due to missing execution data file.
[INFO] 
[INFO] >>> pmd:3.21.2:check (default) > :pmd @ ioedream-gateway-service >>>
[INFO] 
[INFO] --- pmd:3.21.2:pmd (pmd) @ ioedream-gateway-service ---
[INFO] Skipping PMD execution
[INFO] 
[INFO] <<< pmd:3.21.2:check (default) < :pmd @ ioedream-gateway-service <<<
[INFO] 
[INFO] 
[INFO] --- pmd:3.21.2:check (default) @ ioedream-gateway-service ---
[INFO] Skipping PMD execution
[INFO] 
[INFO] --- failsafe:3.2.5:verify (default) @ ioedream-gateway-service ---
[INFO] Tests are skipped.
[INFO] 
[INFO] --- jacoco:0.8.12:merge (jacoco-merge) @ ioedream-gateway-service ---
[INFO] Skipping JaCoCo merge execution due to missing execution data files
[INFO] 
[INFO] --- jacoco:0.8.12:report (jacoco-merged-report) @ ioedream-gateway-service ---
[INFO] Skipping JaCoCo execution due to missing execution data file.
[INFO] 
[INFO] --- jacoco:0.8.12:check (jacoco-check) @ ioedream-gateway-service ---
[INFO] Skipping JaCoCo execution due to missing execution data file:D:\IOE-DREAM\microservices\ioedream-gateway-service\target\jacoco-merged.exec
[INFO] 
[INFO] --- install:3.1.2:install (default-install) @ ioedream-gateway-service ---
[INFO] Installing D:\IOE-DREAM\microservices\ioedream-gateway-service\pom.xml to C:\Users\10201\.m2\repository\net\lab1024\sa\ioedream-gateway-service\1.0.0\ioedream-gateway-service-1.0.0.pom
[INFO] Installing D:\IOE-DREAM\microservices\ioedream-gateway-service\target\ioedream-gateway-service-1.0.0.jar to C:\Users\10201\.m2\repository\net\lab1024\sa\ioedream-gateway-service\1.0.0\ioedream-gateway-service-1.0.0.jar
[INFO] 
[INFO] ---------------< net.lab1024.sa:ioedream-common-service >---------------
[INFO] Building IOE-DREAM Common Service 1.0.0                          [17/26]
[INFO]   from ioedream-common-service\pom.xml
[INFO] --------------------------------[ jar ]---------------------------------
[WARNING] Parameter 'encoding' is unknown for plugin 'jacoco-maven-plugin:0.8.12:prepare-agent (jacoco-prepare-agent)'
[WARNING] Parameter 'encoding' is unknown for plugin 'jacoco-maven-plugin:0.8.12:report (jacoco-report)'
[WARNING] Parameter 'encoding' is unknown for plugin 'jacoco-maven-plugin:0.8.12:report (jacoco-integration-test)'
[WARNING] Parameter 'encoding' is unknown for plugin 'jacoco-maven-plugin:0.8.12:merge (jacoco-merge)'
[WARNING] Parameter 'encoding' is unknown for plugin 'jacoco-maven-plugin:0.8.12:report (jacoco-merged-report)'
[WARNING] Parameter 'encoding' is unknown for plugin 'jacoco-maven-plugin:0.8.12:check (jacoco-check)'
[INFO] 
[INFO] --- enforcer:3.5.0:enforce (enforce-java-maven) @ ioedream-common-service ---
[INFO] 
[INFO] --- exec:3.1.1:exec (check-manager-bean-registration) @ ioedream-common-service ---
[INFO] skipping execute as per configuration
[INFO] 
[INFO] --- jacoco:0.8.12:prepare-agent (jacoco-prepare-agent) @ ioedream-common-service ---
[INFO] jacocoArgLine set to -javaagent:C:\\Users\\10201\\.m2\\repository\\org\\jacoco\\org.jacoco.agent\\0.8.12\\org.jacoco.agent-0.8.12-runtime.jar=destfile=D:\\IOE-DREAM\\microservices\\ioedream-common-service\\target\\jacoco.exec,includes=**/*.class,excludes=**/*Test*.class:**/*Tests.class:**/*Application.class:**/*Config*.class:**/*Configuration.class:**/dto/**/*.class:**/vo/**/*.class:**/form/**/*.class:**/entity/**/*.class:**/constant/**/*.class:**/constants/**/*.class:**/exception/**/*.class:**/*Exception.class:**/*Enum.class:**/generated/**/*.class:**/openapi/**/*.class
[INFO] 
[INFO] --- resources:3.3.1:resources (default-resources) @ ioedream-common-service ---
[INFO] Copying 10 resources from src\main\resources to target\classes
[INFO] Copying 1 resource from src\main\resources to target\classes
[INFO] 
[INFO] --- compiler:3.13.0:compile (default-compile) @ ioedream-common-service ---
[INFO] Recompiling the module because of changed source code.
[INFO] Compiling 140 source files with javac [debug release 17] to target\classes
[WARNING] /D:/IOE-DREAM/microservices/ioedream-common-service/src/main/java/net/lab1024/sa/common/config/ManagerConfiguration.java:[441,37]  @Deprecated 
[WARNING] /D:/IOE-DREAM/microservices/ioedream-common-service/src/main/java/net/lab1024/sa/common/monitor/service/impl/AlertServiceImpl.java:[554,77] 
  : java.util.List<java.lang.String>
  :    java.lang.Object
[WARNING] /D:/IOE-DREAM/microservices/ioedream-common-service/src/main/java/net/lab1024/sa/common/monitor/service/impl/AlertServiceImpl.java:[557,72] 
  : java.util.List<java.lang.Long>
  :    java.lang.Object
[WARNING] /D:/IOE-DREAM/microservices/ioedream-common-service/src/main/java/net/lab1024/sa/common/monitor/service/impl/AlertServiceImpl.java:[569,57] 
  : java.util.List<java.lang.String>
  :    java.lang.Object
[WARNING] /D:/IOE-DREAM/microservices/ioedream-common-service/src/main/java/net/lab1024/sa/common/monitor/service/impl/AlertServiceImpl.java:[570,71] 
  : java.util.List<java.lang.String>
  :    java.lang.Object
[WARNING] /D:/IOE-DREAM/microservices/ioedream-common-service/src/main/java/net/lab1024/sa/common/monitor/service/impl/AlertServiceImpl.java:[571,75] 
  : java.util.List<java.lang.String>
  :    java.lang.Object
[WARNING] /D:/IOE-DREAM/microservices/ioedream-common-service/src/main/java/net/lab1024/sa/common/monitor/service/impl/MonitorServiceImpl.java:[369,52] 
  : java.util.Map<java.lang.String,java.lang.Object>
  :    java.util.Map
[INFO] /D:/IOE-DREAM/microservices/ioedream-common-service/src/main/java/net/lab1024/sa/common/config/CommonManagerConfiguration.java:  API
[INFO] /D:/IOE-DREAM/microservices/ioedream-common-service/src/main/java/net/lab1024/sa/common/config/CommonManagerConfiguration.java: ,  -Xlint:deprecation 
[INFO] 
[INFO] --- resources:3.3.1:testResources (default-testResources) @ ioedream-common-service ---
[INFO] Not copying test resources
[INFO] 
[INFO] --- compiler:3.13.0:testCompile (default-testCompile) @ ioedream-common-service ---
[INFO] Not compiling test sources
[INFO] 
[INFO] --- surefire:3.2.5:test (default-test) @ ioedream-common-service ---
[INFO] Tests are skipped.
[INFO] 
[INFO] --- jacoco:0.8.12:report (jacoco-report) @ ioedream-common-service ---
[INFO] Skipping JaCoCo execution due to missing execution data file.
[INFO] 
[INFO] --- jar:3.4.1:jar (default-jar) @ ioedream-common-service ---
[INFO] Building jar: D:\IOE-DREAM\microservices\ioedream-common-service\target\ioedream-common-service-1.0.0.jar
[INFO] 
[INFO] --- spring-boot:3.5.8:repackage (default) @ ioedream-common-service ---
[INFO] Replacing main artifact D:\IOE-DREAM\microservices\ioedream-common-service\target\ioedream-common-service-1.0.0.jar with repackaged archive, adding nested dependencies in BOOT-INF/.
[INFO] The original artifact has been renamed to D:\IOE-DREAM\microservices\ioedream-common-service\target\ioedream-common-service-1.0.0.jar.original
[INFO] 
[INFO] --- failsafe:3.2.5:integration-test (default) @ ioedream-common-service ---
[INFO] Tests are skipped.
[INFO] 
[INFO] --- jacoco:0.8.12:report (jacoco-integration-test) @ ioedream-common-service ---
[INFO] Skipping JaCoCo execution due to missing execution data file.
[INFO] 
[INFO] >>> pmd:3.21.2:check (default) > :pmd @ ioedream-common-service >>>
[INFO] 
[INFO] --- pmd:3.21.2:pmd (pmd) @ ioedream-common-service ---
[INFO] Skipping PMD execution
[INFO] 
[INFO] <<< pmd:3.21.2:check (default) < :pmd @ ioedream-common-service <<<
[INFO] 
[INFO] 
[INFO] --- pmd:3.21.2:check (default) @ ioedream-common-service ---
[INFO] Skipping PMD execution
[INFO] 
[INFO] --- failsafe:3.2.5:verify (default) @ ioedream-common-service ---
[INFO] Tests are skipped.
[INFO] 
[INFO] --- jacoco:0.8.12:merge (jacoco-merge) @ ioedream-common-service ---
[INFO] Skipping JaCoCo merge execution due to missing execution data files
[INFO] 
[INFO] --- jacoco:0.8.12:report (jacoco-merged-report) @ ioedream-common-service ---
[INFO] Skipping JaCoCo execution due to missing execution data file.
[INFO] 
[INFO] --- jacoco:0.8.12:check (jacoco-check) @ ioedream-common-service ---
[INFO] Skipping JaCoCo execution due to missing execution data file:D:\IOE-DREAM\microservices\ioedream-common-service\target\jacoco-merged.exec
[INFO] 
[INFO] --- install:3.1.2:install (default-install) @ ioedream-common-service ---
[INFO] Installing D:\IOE-DREAM\microservices\ioedream-common-service\pom.xml to C:\Users\10201\.m2\repository\net\lab1024\sa\ioedream-common-service\1.0.0\ioedream-common-service-1.0.0.pom
[INFO] Installing D:\IOE-DREAM\microservices\ioedream-common-service\target\ioedream-common-service-1.0.0.jar to C:\Users\10201\.m2\repository\net\lab1024\sa\ioedream-common-service\1.0.0\ioedream-common-service-1.0.0.jar
[INFO] 
[INFO] ------------< net.lab1024.sa:ioedream-device-comm-service >-------------
[INFO] Building IOE-DREAM Device Communication Service 1.0.0            [18/26]
[INFO]   from ioedream-device-comm-service\pom.xml
[INFO] --------------------------------[ jar ]---------------------------------
[WARNING] Parameter 'encoding' is unknown for plugin 'jacoco-maven-plugin:0.8.12:prepare-agent (jacoco-prepare-agent)'
[WARNING] Parameter 'encoding' is unknown for plugin 'jacoco-maven-plugin:0.8.12:report (jacoco-report)'
[WARNING] Parameter 'encoding' is unknown for plugin 'jacoco-maven-plugin:0.8.12:report (jacoco-integration-test)'
[WARNING] Parameter 'encoding' is unknown for plugin 'jacoco-maven-plugin:0.8.12:merge (jacoco-merge)'
[WARNING] Parameter 'encoding' is unknown for plugin 'jacoco-maven-plugin:0.8.12:report (jacoco-merged-report)'
[WARNING] Parameter 'encoding' is unknown for plugin 'jacoco-maven-plugin:0.8.12:check (jacoco-check)'
[INFO] 
[INFO] --- enforcer:3.5.0:enforce (enforce-java-maven) @ ioedream-device-comm-service ---
[INFO] 
[INFO] --- exec:3.1.1:exec (check-manager-bean-registration) @ ioedream-device-comm-service ---
[INFO] skipping execute as per configuration
[INFO] 
[INFO] --- jacoco:0.8.12:prepare-agent (jacoco-prepare-agent) @ ioedream-device-comm-service ---
[INFO] jacocoArgLine set to -javaagent:C:\\Users\\10201\\.m2\\repository\\org\\jacoco\\org.jacoco.agent\\0.8.12\\org.jacoco.agent-0.8.12-runtime.jar=destfile=D:\\IOE-DREAM\\microservices\\ioedream-device-comm-service\\target\\jacoco.exec,includes=**/*.class,excludes=**/*Test*.class:**/*Tests.class:**/*Application.class:**/*Config*.class:**/*Configuration.class:**/dto/**/*.class:**/vo/**/*.class:**/form/**/*.class:**/entity/**/*.class:**/constant/**/*.class:**/constants/**/*.class:**/exception/**/*.class:**/*Exception.class:**/*Enum.class:**/generated/**/*.class:**/openapi/**/*.class
[INFO] 
[INFO] --- resources:3.3.1:resources (default-resources) @ ioedream-device-comm-service ---
[INFO] Copying 5 resources from src\main\resources to target\classes
[INFO] Copying 2 resources from src\main\resources to target\classes
[INFO] 
[INFO] --- compiler:3.13.0:compile (default-compile) @ ioedream-device-comm-service ---
[INFO] Recompiling the module because of changed source code.
[INFO] Compiling 87 source files with javac [debug release 17] to target\classes
[WARNING] /D:/IOE-DREAM/microservices/ioedream-device-comm-service/src/main/java/net/lab1024/sa/device/comm/protocol/hikvision/VideoHikvisionV20Adapter.java:[500,52] 
  : java.util.Map<java.lang.String,java.lang.Object>
  :    java.lang.Object
[INFO] /D:/IOE-DREAM/microservices/ioedream-device-comm-service/src/main/java/net/lab1024/sa/device/comm/pool/DeviceConnectionPoolManager.java: D:\IOE-DREAM\microservices\ioedream-device-comm-service\src\main\java\net\lab1024\sa\device\comm\pool\DeviceConnectionPoolManager.java API
[INFO] /D:/IOE-DREAM/microservices/ioedream-device-comm-service/src/main/java/net/lab1024/sa/device/comm/pool/DeviceConnectionPoolManager.java: ,  -Xlint:deprecation 
[INFO] 
[INFO] --- resources:3.3.1:testResources (default-testResources) @ ioedream-device-comm-service ---
[INFO] Not copying test resources
[INFO] 
[INFO] --- compiler:3.13.0:testCompile (default-testCompile) @ ioedream-device-comm-service ---
[INFO] Not compiling test sources
[INFO] 
[INFO] --- surefire:3.2.5:test (default-test) @ ioedream-device-comm-service ---
[INFO] Tests are skipped.
[INFO] 
[INFO] --- jacoco:0.8.12:report (jacoco-report) @ ioedream-device-comm-service ---
[INFO] Skipping JaCoCo execution due to missing execution data file.
[INFO] 
[INFO] --- jar:3.4.1:jar (default-jar) @ ioedream-device-comm-service ---
[INFO] Building jar: D:\IOE-DREAM\microservices\ioedream-device-comm-service\target\ioedream-device-comm-service-1.0.0.jar
[INFO] 
[INFO] --- spring-boot:3.5.8:repackage (default) @ ioedream-device-comm-service ---
[INFO] Replacing main artifact D:\IOE-DREAM\microservices\ioedream-device-comm-service\target\ioedream-device-comm-service-1.0.0.jar with repackaged archive, adding nested dependencies in BOOT-INF/.
[INFO] The original artifact has been renamed to D:\IOE-DREAM\microservices\ioedream-device-comm-service\target\ioedream-device-comm-service-1.0.0.jar.original
[INFO] 
[INFO] --- failsafe:3.2.5:integration-test (default) @ ioedream-device-comm-service ---
[INFO] Tests are skipped.
[INFO] 
[INFO] --- jacoco:0.8.12:report (jacoco-integration-test) @ ioedream-device-comm-service ---
[INFO] Skipping JaCoCo execution due to missing execution data file.
[INFO] 
[INFO] >>> pmd:3.21.2:check (default) > :pmd @ ioedream-device-comm-service >>>
[INFO] 
[INFO] --- pmd:3.21.2:pmd (pmd) @ ioedream-device-comm-service ---
[INFO] Skipping PMD execution
[INFO] 
[INFO] <<< pmd:3.21.2:check (default) < :pmd @ ioedream-device-comm-service <<<
[INFO] 
[INFO] 
[INFO] --- pmd:3.21.2:check (default) @ ioedream-device-comm-service ---
[INFO] Skipping PMD execution
[INFO] 
[INFO] --- failsafe:3.2.5:verify (default) @ ioedream-device-comm-service ---
[INFO] Tests are skipped.
[INFO] 
[INFO] --- jacoco:0.8.12:merge (jacoco-merge) @ ioedream-device-comm-service ---
[INFO] Skipping JaCoCo merge execution due to missing execution data files
[INFO] 
[INFO] --- jacoco:0.8.12:report (jacoco-merged-report) @ ioedream-device-comm-service ---
[INFO] Skipping JaCoCo execution due to missing execution data file.
[INFO] 
[INFO] --- jacoco:0.8.12:check (jacoco-check) @ ioedream-device-comm-service ---
[INFO] Skipping JaCoCo execution due to missing execution data file:D:\IOE-DREAM\microservices\ioedream-device-comm-service\target\jacoco-merged.exec
[INFO] 
[INFO] --- install:3.1.2:install (default-install) @ ioedream-device-comm-service ---
[INFO] Installing D:\IOE-DREAM\microservices\ioedream-device-comm-service\pom.xml to C:\Users\10201\.m2\repository\net\lab1024\sa\ioedream-device-comm-service\1.0.0\ioedream-device-comm-service-1.0.0.pom
[INFO] Installing D:\IOE-DREAM\microservices\ioedream-device-comm-service\target\ioedream-device-comm-service-1.0.0.jar to C:\Users\10201\.m2\repository\net\lab1024\sa\ioedream-device-comm-service\1.0.0\ioedream-device-comm-service-1.0.0.jar
[INFO] 
[INFO] -----------------< net.lab1024.sa:ioedream-oa-service >-----------------
[INFO] Building IOE-DREAM OA Service 1.0.0                              [19/26]
[INFO]   from ioedream-oa-service\pom.xml
[INFO] --------------------------------[ jar ]---------------------------------
[WARNING] Parameter 'encoding' is unknown for plugin 'jacoco-maven-plugin:0.8.12:prepare-agent (jacoco-prepare-agent)'
[WARNING] Parameter 'encoding' is unknown for plugin 'jacoco-maven-plugin:0.8.12:report (jacoco-report)'
[WARNING] Parameter 'encoding' is unknown for plugin 'jacoco-maven-plugin:0.8.12:report (jacoco-integration-test)'
[WARNING] Parameter 'encoding' is unknown for plugin 'jacoco-maven-plugin:0.8.12:merge (jacoco-merge)'
[WARNING] Parameter 'encoding' is unknown for plugin 'jacoco-maven-plugin:0.8.12:report (jacoco-merged-report)'
[WARNING] Parameter 'encoding' is unknown for plugin 'jacoco-maven-plugin:0.8.12:check (jacoco-check)'
[INFO] 
[INFO] --- enforcer:3.5.0:enforce (enforce-java-maven) @ ioedream-oa-service ---
[INFO] 
[INFO] --- exec:3.1.1:exec (check-manager-bean-registration) @ ioedream-oa-service ---
[INFO] skipping execute as per configuration
[INFO] 
[INFO] --- jacoco:0.8.12:prepare-agent (jacoco-prepare-agent) @ ioedream-oa-service ---
[INFO] jacocoArgLine set to -javaagent:C:\\Users\\10201\\.m2\\repository\\org\\jacoco\\org.jacoco.agent\\0.8.12\\org.jacoco.agent-0.8.12-runtime.jar=destfile=D:\\IOE-DREAM\\microservices\\ioedream-oa-service\\target\\jacoco.exec,includes=**/*.class,excludes=**/*Test*.class:**/*Tests.class:**/*Application.class:**/*Config*.class:**/*Configuration.class:**/dto/**/*.class:**/vo/**/*.class:**/form/**/*.class:**/entity/**/*.class:**/constant/**/*.class:**/constants/**/*.class:**/exception/**/*.class:**/*Exception.class:**/*Enum.class:**/generated/**/*.class:**/openapi/**/*.class
[INFO] 
[INFO] --- resources:3.3.1:resources (default-resources) @ ioedream-oa-service ---
[INFO] Copying 10 resources from src\main\resources to target\classes
[INFO] Copying 0 resource from src\main\resources to target\classes
[INFO] 
[INFO] --- compiler:3.13.0:compile (default-compile) @ ioedream-oa-service ---
[INFO] Recompiling the module because of changed source code.
[INFO] Compiling 129 source files with javac [debug release 17] to target\classes
[WARNING] /D:/IOE-DREAM/microservices/ioedream-oa-service/src/main/java/net/lab1024/sa/oa/workflow/listener/WorkflowApprovalResultListener.java:[238,80] 
  : net.lab1024.sa.common.dto.ResponseDTO<java.lang.Void>
  :    net.lab1024.sa.common.dto.ResponseDTO
[WARNING] /D:/IOE-DREAM/microservices/ioedream-oa-service/src/main/java/net/lab1024/sa/oa/workflow/listener/WorkflowApprovalResultListener.java:[271,80] 
  : net.lab1024.sa.common.dto.ResponseDTO<java.lang.Void>
  :    net.lab1024.sa.common.dto.ResponseDTO
[WARNING] /D:/IOE-DREAM/microservices/ioedream-oa-service/src/main/java/net/lab1024/sa/oa/workflow/listener/WorkflowApprovalResultListener.java:[322,80] 
  : net.lab1024.sa.common.dto.ResponseDTO<java.lang.Void>
  :    net.lab1024.sa.common.dto.ResponseDTO
[INFO] /D:/IOE-DREAM/microservices/ioedream-oa-service/src/main/java/net/lab1024/sa/oa/workflow/dmn/DecisionEngineService.java:  API
[INFO] /D:/IOE-DREAM/microservices/ioedream-oa-service/src/main/java/net/lab1024/sa/oa/workflow/dmn/DecisionEngineService.java: ,  -Xlint:deprecation 
[INFO] 
[INFO] --- resources:3.3.1:testResources (default-testResources) @ ioedream-oa-service ---
[INFO] Not copying test resources
[INFO] 
[INFO] --- compiler:3.13.0:testCompile (default-testCompile) @ ioedream-oa-service ---
[INFO] Not compiling test sources
[INFO] 
[INFO] --- surefire:3.2.5:test (default-test) @ ioedream-oa-service ---
[INFO] Tests are skipped.
[INFO] 
[INFO] --- jacoco:0.8.12:report (jacoco-report) @ ioedream-oa-service ---
[INFO] Skipping JaCoCo execution due to missing execution data file.
[INFO] 
[INFO] --- jar:3.4.1:jar (default-jar) @ ioedream-oa-service ---
[INFO] Building jar: D:\IOE-DREAM\microservices\ioedream-oa-service\target\ioedream-oa-service-1.0.0.jar
[INFO] 
[INFO] --- spring-boot:3.5.8:repackage (default) @ ioedream-oa-service ---
[INFO] Replacing main artifact D:\IOE-DREAM\microservices\ioedream-oa-service\target\ioedream-oa-service-1.0.0.jar with repackaged archive, adding nested dependencies in BOOT-INF/.
[INFO] The original artifact has been renamed to D:\IOE-DREAM\microservices\ioedream-oa-service\target\ioedream-oa-service-1.0.0.jar.original
[INFO] 
[INFO] --- failsafe:3.2.5:integration-test (default) @ ioedream-oa-service ---
[INFO] Tests are skipped.
[INFO] 
[INFO] --- jacoco:0.8.12:report (jacoco-integration-test) @ ioedream-oa-service ---
[INFO] Skipping JaCoCo execution due to missing execution data file.
[INFO] 
[INFO] >>> pmd:3.21.2:check (default) > :pmd @ ioedream-oa-service >>>
[INFO] 
[INFO] --- pmd:3.21.2:pmd (pmd) @ ioedream-oa-service ---
[INFO] Skipping PMD execution
[INFO] 
[INFO] <<< pmd:3.21.2:check (default) < :pmd @ ioedream-oa-service <<<
[INFO] 
[INFO] 
[INFO] --- pmd:3.21.2:check (default) @ ioedream-oa-service ---
[INFO] Skipping PMD execution
[INFO] 
[INFO] --- failsafe:3.2.5:verify (default) @ ioedream-oa-service ---
[INFO] Tests are skipped.
[INFO] 
[INFO] --- jacoco:0.8.12:merge (jacoco-merge) @ ioedream-oa-service ---
[INFO] Skipping JaCoCo merge execution due to missing execution data files
[INFO] 
[INFO] --- jacoco:0.8.12:report (jacoco-merged-report) @ ioedream-oa-service ---
[INFO] Skipping JaCoCo execution due to missing execution data file.
[INFO] 
[INFO] --- jacoco:0.8.12:check (jacoco-check) @ ioedream-oa-service ---
[INFO] Skipping JaCoCo execution due to missing execution data file:D:\IOE-DREAM\microservices\ioedream-oa-service\target\jacoco-merged.exec
[INFO] 
[INFO] --- install:3.1.2:install (default-install) @ ioedream-oa-service ---
[INFO] Installing D:\IOE-DREAM\microservices\ioedream-oa-service\pom.xml to C:\Users\10201\.m2\repository\net\lab1024\sa\ioedream-oa-service\1.0.0\ioedream-oa-service-1.0.0.pom
[INFO] Installing D:\IOE-DREAM\microservices\ioedream-oa-service\target\ioedream-oa-service-1.0.0.jar to C:\Users\10201\.m2\repository\net\lab1024\sa\ioedream-oa-service\1.0.0\ioedream-oa-service-1.0.0.jar
[INFO] 
[INFO] ---------------< net.lab1024.sa:ioedream-access-service >---------------
[INFO] Building IOE-DREAM Access Service 1.0.0                          [20/26]
[INFO]   from ioedream-access-service\pom.xml
[INFO] --------------------------------[ jar ]---------------------------------
[WARNING] Parameter 'encoding' is unknown for plugin 'jacoco-maven-plugin:0.8.12:prepare-agent (jacoco-prepare-agent)'
[WARNING] Parameter 'encoding' is unknown for plugin 'jacoco-maven-plugin:0.8.12:report (jacoco-report)'
[WARNING] Parameter 'encoding' is unknown for plugin 'jacoco-maven-plugin:0.8.12:report (jacoco-integration-test)'
[WARNING] Parameter 'encoding' is unknown for plugin 'jacoco-maven-plugin:0.8.12:merge (jacoco-merge)'
[WARNING] Parameter 'encoding' is unknown for plugin 'jacoco-maven-plugin:0.8.12:report (jacoco-merged-report)'
[WARNING] Parameter 'encoding' is unknown for plugin 'jacoco-maven-plugin:0.8.12:check (jacoco-check)'
[INFO] 
[INFO] --- enforcer:3.5.0:enforce (enforce-java-maven) @ ioedream-access-service ---
[INFO] 
[INFO] --- exec:3.1.1:exec (check-manager-bean-registration) @ ioedream-access-service ---
[INFO] skipping execute as per configuration
[INFO] 
[INFO] --- jacoco:0.8.12:prepare-agent (jacoco-prepare-agent) @ ioedream-access-service ---
[INFO] jacocoArgLine set to -javaagent:C:\\Users\\10201\\.m2\\repository\\org\\jacoco\\org.jacoco.agent\\0.8.12\\org.jacoco.agent-0.8.12-runtime.jar=destfile=D:\\IOE-DREAM\\microservices\\ioedream-access-service\\target\\jacoco.exec,includes=**/*.class,excludes=**/*Test*.class:**/*Tests.class:**/*Application.class:**/*Config*.class:**/*Configuration.class:**/dto/**/*.class:**/vo/**/*.class:**/form/**/*.class:**/entity/**/*.class:**/constant/**/*.class:**/constants/**/*.class:**/exception/**/*.class:**/*Exception.class:**/*Enum.class:**/generated/**/*.class:**/openapi/**/*.class
[INFO] 
[INFO] --- resources:3.3.1:resources (default-resources) @ ioedream-access-service ---
[INFO] Copying 1 resource from src\main\resources to target\classes
[INFO] Copying 1 resource from src\main\resources to target\classes
[INFO] 
[INFO] --- compiler:3.13.0:compile (default-compile) @ ioedream-access-service ---
[INFO] Nothing to compile - all classes are up to date.
[INFO] 
[INFO] --- resources:3.3.1:testResources (default-testResources) @ ioedream-access-service ---
[INFO] Not copying test resources
[INFO] 
[INFO] --- compiler:3.13.0:testCompile (default-testCompile) @ ioedream-access-service ---
[INFO] Not compiling test sources
[INFO] 
[INFO] --- surefire:3.2.5:test (default-test) @ ioedream-access-service ---
[INFO] Tests are skipped.
[INFO] 
[INFO] --- jacoco:0.8.12:report (jacoco-report) @ ioedream-access-service ---
[INFO] Skipping JaCoCo execution due to missing execution data file.
[INFO] 
[INFO] --- jar:3.4.1:jar (default-jar) @ ioedream-access-service ---
[INFO] 
[INFO] --- spring-boot:3.5.8:repackage (default) @ ioedream-access-service ---
[INFO] Replacing main artifact D:\IOE-DREAM\microservices\ioedream-access-service\target\ioedream-access-service-1.0.0.jar with repackaged archive, adding nested dependencies in BOOT-INF/.
[INFO] The original artifact has been renamed to D:\IOE-DREAM\microservices\ioedream-access-service\target\ioedream-access-service-1.0.0.jar.original
[INFO] 
[INFO] --- failsafe:3.2.5:integration-test (default) @ ioedream-access-service ---
[INFO] Tests are skipped.
[INFO] 
[INFO] --- jacoco:0.8.12:report (jacoco-integration-test) @ ioedream-access-service ---
[INFO] Skipping JaCoCo execution due to missing execution data file.
[INFO] 
[INFO] >>> pmd:3.21.2:check (default) > :pmd @ ioedream-access-service >>>
[INFO] 
[INFO] --- pmd:3.21.2:pmd (pmd) @ ioedream-access-service ---
[INFO] Skipping PMD execution
[INFO] 
[INFO] <<< pmd:3.21.2:check (default) < :pmd @ ioedream-access-service <<<
[INFO] 
[INFO] 
[INFO] --- pmd:3.21.2:check (default) @ ioedream-access-service ---
[INFO] Skipping PMD execution
[INFO] 
[INFO] --- failsafe:3.2.5:verify (default) @ ioedream-access-service ---
[INFO] Tests are skipped.
[INFO] 
[INFO] --- jacoco:0.8.12:merge (jacoco-merge) @ ioedream-access-service ---
[INFO] Skipping JaCoCo merge execution due to missing execution data files
[INFO] 
[INFO] --- jacoco:0.8.12:report (jacoco-merged-report) @ ioedream-access-service ---
[INFO] Skipping JaCoCo execution due to missing execution data file.
[INFO] 
[INFO] --- jacoco:0.8.12:check (jacoco-check) @ ioedream-access-service ---
[INFO] Skipping JaCoCo execution due to missing execution data file:D:\IOE-DREAM\microservices\ioedream-access-service\target\jacoco-merged.exec
[INFO] 
[INFO] --- install:3.1.2:install (default-install) @ ioedream-access-service ---
[INFO] Installing D:\IOE-DREAM\microservices\ioedream-access-service\pom.xml to C:\Users\10201\.m2\repository\net\lab1024\sa\ioedream-access-service\1.0.0\ioedream-access-service-1.0.0.pom
[INFO] Installing D:\IOE-DREAM\microservices\ioedream-access-service\target\ioedream-access-service-1.0.0.jar to C:\Users\10201\.m2\repository\net\lab1024\sa\ioedream-access-service\1.0.0\ioedream-access-service-1.0.0.jar
[INFO] 
[INFO] -------------< net.lab1024.sa:ioedream-attendance-service >-------------
[INFO] Building IOE-DREAM Attendance Service 1.0.0                      [21/26]
[INFO]   from ioedream-attendance-service\pom.xml
[INFO] --------------------------------[ jar ]---------------------------------
[WARNING] Parameter 'encoding' is unknown for plugin 'jacoco-maven-plugin:0.8.12:prepare-agent (jacoco-prepare-agent)'
[WARNING] Parameter 'encoding' is unknown for plugin 'jacoco-maven-plugin:0.8.12:report (jacoco-report)'
[WARNING] Parameter 'encoding' is unknown for plugin 'jacoco-maven-plugin:0.8.12:report (jacoco-integration-test)'
[WARNING] Parameter 'encoding' is unknown for plugin 'jacoco-maven-plugin:0.8.12:merge (jacoco-merge)'
[WARNING] Parameter 'encoding' is unknown for plugin 'jacoco-maven-plugin:0.8.12:report (jacoco-merged-report)'
[WARNING] Parameter 'encoding' is unknown for plugin 'jacoco-maven-plugin:0.8.12:check (jacoco-check)'
[INFO] 
[INFO] --- enforcer:3.5.0:enforce (enforce-java-maven) @ ioedream-attendance-service ---
[INFO] 
[INFO] --- exec:3.1.1:exec (check-manager-bean-registration) @ ioedream-attendance-service ---
[INFO] skipping execute as per configuration
[INFO] 
[INFO] --- jacoco:0.8.12:prepare-agent (jacoco-prepare-agent) @ ioedream-attendance-service ---
[INFO] jacocoArgLine set to -javaagent:C:\\Users\\10201\\.m2\\repository\\org\\jacoco\\org.jacoco.agent\\0.8.12\\org.jacoco.agent-0.8.12-runtime.jar=destfile=D:\\IOE-DREAM\\microservices\\ioedream-attendance-service\\target\\jacoco.exec,includes=**/*.class,excludes=**/*Test*.class:**/*Tests.class:**/*Application.class:**/*Config*.class:**/*Configuration.class:**/dto/**/*.class:**/vo/**/*.class:**/form/**/*.class:**/entity/**/*.class:**/constant/**/*.class:**/constants/**/*.class:**/exception/**/*.class:**/*Exception.class:**/*Enum.class:**/generated/**/*.class:**/openapi/**/*.class
[INFO] 
[INFO] --- resources:3.3.1:resources (default-resources) @ ioedream-attendance-service ---
[INFO] Copying 5 resources from src\main\resources to target\classes
[INFO] Copying 4 resources from src\main\resources to target\classes
[INFO] 
[INFO] --- compiler:3.11.0:compile (default-compile) @ ioedream-attendance-service ---
[INFO] Nothing to compile - all classes are up to date
[INFO] 
[INFO] --- resources:3.3.1:testResources (default-testResources) @ ioedream-attendance-service ---
[INFO] Not copying test resources
[INFO] 
[INFO] --- compiler:3.11.0:testCompile (default-testCompile) @ ioedream-attendance-service ---
[INFO] Not compiling test sources
[INFO] 
[INFO] --- surefire:3.2.5:test (default-test) @ ioedream-attendance-service ---
[INFO] Tests are skipped.
[INFO] 
[INFO] --- jacoco:0.8.12:report (jacoco-report) @ ioedream-attendance-service ---
[INFO] Skipping JaCoCo execution due to missing execution data file.
[INFO] 
[INFO] --- jar:3.4.1:jar (default-jar) @ ioedream-attendance-service ---
[INFO] Building jar: D:\IOE-DREAM\microservices\ioedream-attendance-service\target\ioedream-attendance-service-1.0.0.jar
[INFO] 
[INFO] --- spring-boot:3.5.8:repackage (default) @ ioedream-attendance-service ---
[INFO] Replacing main artifact D:\IOE-DREAM\microservices\ioedream-attendance-service\target\ioedream-attendance-service-1.0.0.jar with repackaged archive, adding nested dependencies in BOOT-INF/.
[INFO] The original artifact has been renamed to D:\IOE-DREAM\microservices\ioedream-attendance-service\target\ioedream-attendance-service-1.0.0.jar.original
[INFO] 
[INFO] --- failsafe:3.2.5:integration-test (default) @ ioedream-attendance-service ---
[INFO] Tests are skipped.
[INFO] 
[INFO] --- jacoco:0.8.12:report (jacoco-integration-test) @ ioedream-attendance-service ---
[INFO] Skipping JaCoCo execution due to missing execution data file.
[INFO] 
[INFO] >>> pmd:3.21.2:check (default) > :pmd @ ioedream-attendance-service >>>
[INFO] 
[INFO] --- pmd:3.21.2:pmd (pmd) @ ioedream-attendance-service ---
[INFO] Skipping PMD execution
[INFO] 
[INFO] <<< pmd:3.21.2:check (default) < :pmd @ ioedream-attendance-service <<<
[INFO] 
[INFO] 
[INFO] --- pmd:3.21.2:check (default) @ ioedream-attendance-service ---
[INFO] Skipping PMD execution
[INFO] 
[INFO] --- failsafe:3.2.5:verify (default) @ ioedream-attendance-service ---
[INFO] Tests are skipped.
[INFO] 
[INFO] --- jacoco:0.8.12:merge (jacoco-merge) @ ioedream-attendance-service ---
[INFO] Skipping JaCoCo merge execution due to missing execution data files
[INFO] 
[INFO] --- jacoco:0.8.12:report (jacoco-merged-report) @ ioedream-attendance-service ---
[INFO] Skipping JaCoCo execution due to missing execution data file.
[INFO] 
[INFO] --- jacoco:0.8.12:check (jacoco-check) @ ioedream-attendance-service ---
[INFO] Skipping JaCoCo execution due to missing execution data file:D:\IOE-DREAM\microservices\ioedream-attendance-service\target\jacoco-merged.exec
[INFO] 
[INFO] --- install:3.1.2:install (default-install) @ ioedream-attendance-service ---
[INFO] Installing D:\IOE-DREAM\microservices\ioedream-attendance-service\pom.xml to C:\Users\10201\.m2\repository\net\lab1024\sa\ioedream-attendance-service\1.0.0\ioedream-attendance-service-1.0.0.pom
[INFO] Installing D:\IOE-DREAM\microservices\ioedream-attendance-service\target\ioedream-attendance-service-1.0.0.jar to C:\Users\10201\.m2\repository\net\lab1024\sa\ioedream-attendance-service\1.0.0\ioedream-attendance-service-1.0.0.jar
[INFO] 
[INFO] ---------------< net.lab1024.sa:ioedream-video-service >----------------
[INFO] Building IOE-DREAM Video Service 1.0.0                           [22/26]
[INFO]   from ioedream-video-service\pom.xml
[INFO] --------------------------------[ jar ]---------------------------------
[WARNING] Parameter 'encoding' is unknown for plugin 'jacoco-maven-plugin:0.8.12:prepare-agent (jacoco-prepare-agent)'
[WARNING] Parameter 'encoding' is unknown for plugin 'jacoco-maven-plugin:0.8.12:report (jacoco-report)'
[WARNING] Parameter 'encoding' is unknown for plugin 'jacoco-maven-plugin:0.8.12:report (jacoco-integration-test)'
[WARNING] Parameter 'encoding' is unknown for plugin 'jacoco-maven-plugin:0.8.12:merge (jacoco-merge)'
[WARNING] Parameter 'encoding' is unknown for plugin 'jacoco-maven-plugin:0.8.12:report (jacoco-merged-report)'
[WARNING] Parameter 'encoding' is unknown for plugin 'jacoco-maven-plugin:0.8.12:check (jacoco-check)'
[INFO] 
[INFO] --- enforcer:3.5.0:enforce (enforce-java-maven) @ ioedream-video-service ---
[INFO] 
[INFO] --- exec:3.1.1:exec (check-manager-bean-registration) @ ioedream-video-service ---
[INFO] skipping execute as per configuration
[INFO] 
[INFO] --- jacoco:0.8.12:prepare-agent (jacoco-prepare-agent) @ ioedream-video-service ---
[INFO] jacocoArgLine set to -javaagent:C:\\Users\\10201\\.m2\\repository\\org\\jacoco\\org.jacoco.agent\\0.8.12\\org.jacoco.agent-0.8.12-runtime.jar=destfile=D:\\IOE-DREAM\\microservices\\ioedream-video-service\\target\\jacoco.exec,includes=**/*.class,excludes=**/*Test*.class:**/*Tests.class:**/*Application.class:**/*Config*.class:**/*Configuration.class:**/dto/**/*.class:**/vo/**/*.class:**/form/**/*.class:**/entity/**/*.class:**/constant/**/*.class:**/constants/**/*.class:**/exception/**/*.class:**/*Exception.class:**/*Enum.class:**/generated/**/*.class:**/openapi/**/*.class
[INFO] 
[INFO] --- resources:3.3.1:resources (default-resources) @ ioedream-video-service ---
[INFO] Copying 5 resources from src\main\resources to target\classes
[INFO] Copying 12 resources from src\main\resources to target\classes
[INFO] 
[INFO] --- compiler:3.13.0:compile (default-compile) @ ioedream-video-service ---
[INFO] Recompiling the module because of changed source code.
[INFO] Compiling 252 source files with javac [debug release 17] to target\classes
[INFO] -------------------------------------------------------------
[ERROR] COMPILATION ERROR : 
[INFO] -------------------------------------------------------------
[ERROR] /D:/IOE-DREAM/microservices/ioedream-video-service/src/main/java/net/lab1024/sa/video/domain/entity/VideoRecordingPlanEntity.java:[167,26] ')'
[ERROR] /D:/IOE-DREAM/microservices/ioedream-video-service/src/main/java/net/lab1024/sa/video/domain/entity/VideoRecordingPlanEntity.java:[167,29] 
[ERROR] /D:/IOE-DREAM/microservices/ioedream-video-service/src/main/java/net/lab1024/sa/video/domain/entity/VideoRecordingPlanEntity.java:[168,30] ')'
[ERROR] /D:/IOE-DREAM/microservices/ioedream-video-service/src/main/java/net/lab1024/sa/video/domain/entity/VideoRecordingPlanEntity.java:[168,33] 
[ERROR] /D:/IOE-DREAM/microservices/ioedream-video-service/src/main/java/net/lab1024/sa/video/domain/entity/VideoRecordingPlanEntity.java:[169,28] ')'
[ERROR] /D:/IOE-DREAM/microservices/ioedream-video-service/src/main/java/net/lab1024/sa/video/domain/entity/VideoRecordingPlanEntity.java:[169,31] 
[ERROR] /D:/IOE-DREAM/microservices/ioedream-video-service/src/main/java/net/lab1024/sa/video/domain/entity/VideoRecordingPlanEntity.java:[170,27] ')'
[ERROR] /D:/IOE-DREAM/microservices/ioedream-video-service/src/main/java/net/lab1024/sa/video/domain/entity/VideoRecordingPlanEntity.java:[170,30] 
[ERROR] /D:/IOE-DREAM/microservices/ioedream-video-service/src/main/java/net/lab1024/sa/video/domain/entity/VideoRecordingPlanEntity.java:[177,30]  '.class'
[ERROR] /D:/IOE-DREAM/microservices/ioedream-video-service/src/main/java/net/lab1024/sa/video/domain/entity/VideoRecordingPlanEntity.java:[177,42] ',', '}'';'
[ERROR] /D:/IOE-DREAM/microservices/ioedream-video-service/src/main/java/net/lab1024/sa/video/domain/entity/VideoRecordingPlanEntity.java:[177,78] ';'
[ERROR] /D:/IOE-DREAM/microservices/ioedream-video-service/src/main/java/net/lab1024/sa/video/domain/entity/VideoRecordingPlanEntity.java:[177,86] ',', '}'';'
[INFO] 12 errors 
[INFO] -------------------------------------------------------------
[INFO] ------------------------------------------------------------------------
[INFO] Reactor Summary for ioedream-microservices-parent 1.0.0:
[INFO] 
[INFO] ioedream-microservices-parent ...................... SUCCESS [  1.955 s]
[INFO] IOE-DREAM Common Core .............................. SUCCESS [  0.863 s]
[INFO] Microservices Common Entity ........................ SUCCESS [  0.086 s]
[INFO] IOE-DREAM Common Storage Module .................... SUCCESS [  0.369 s]
[INFO] Microservices Common Data .......................... SUCCESS [  0.289 s]
[INFO] Microservices Common Cache ......................... SUCCESS [  0.238 s]
[INFO] Microservices Common Security ...................... SUCCESS [  0.165 s]
[INFO] Microservices Common Monitor ....................... SUCCESS [  0.159 s]
[INFO] Microservices Common Export ........................ SUCCESS [  0.164 s]
[INFO] Microservices Common Workflow ...................... SUCCESS [  0.082 s]
[INFO] IOE-DREAM Common Gateway Client .................... SUCCESS [  0.132 s]
[INFO] Microservices Common Business ...................... SUCCESS [  0.189 s]
[INFO] Microservices Common Permission .................... SUCCESS [  0.137 s]
[INFO] IOE-DREAM Common Module ............................ SUCCESS [  0.209 s]
[INFO] ioedream-db-init ................................... SUCCESS [  0.050 s]
[INFO] IOE-DREAM Gateway Service .......................... SUCCESS [  0.585 s]
[INFO] IOE-DREAM Common Service ........................... SUCCESS [  7.940 s]
[INFO] IOE-DREAM Device Communication Service ............. SUCCESS [  4.763 s]
[INFO] IOE-DREAM OA Service ............................... SUCCESS [  5.190 s]
[INFO] IOE-DREAM Access Service ........................... SUCCESS [  0.326 s]
[INFO] IOE-DREAM Attendance Service ....................... SUCCESS [  1.638 s]
[INFO] IOE-DREAM Video Service ............................ FAILURE [  0.613 s]
[INFO] IOE-DREAM Consume Service .......................... SKIPPED
[INFO] IOE-DREAM Visitor Service .......................... SKIPPED
[INFO] ioedream-database-service .......................... SKIPPED
[INFO] IOE-DREAM Biometric Service ........................ SKIPPED
[INFO] ------------------------------------------------------------------------
[INFO] BUILD FAILURE
[INFO] ------------------------------------------------------------------------
[INFO] Total time:  26.632 s
[INFO] Finished at: 2025-12-23T18:41:08+08:00
[INFO] ------------------------------------------------------------------------
[ERROR] Failed to execute goal org.apache.maven.plugins:maven-compiler-plugin:3.13.0:compile (default-compile) on project ioedream-video-service: Compilation failure: Compilation failure: 
[ERROR] /D:/IOE-DREAM/microservices/ioedream-video-service/src/main/java/net/lab1024/sa/video/domain/entity/VideoRecordingPlanEntity.java:[167,26] ')'
[ERROR] /D:/IOE-DREAM/microservices/ioedream-video-service/src/main/java/net/lab1024/sa/video/domain/entity/VideoRecordingPlanEntity.java:[167,29] 
[ERROR] /D:/IOE-DREAM/microservices/ioedream-video-service/src/main/java/net/lab1024/sa/video/domain/entity/VideoRecordingPlanEntity.java:[168,30] ')'
[ERROR] /D:/IOE-DREAM/microservices/ioedream-video-service/src/main/java/net/lab1024/sa/video/domain/entity/VideoRecordingPlanEntity.java:[168,33] 
[ERROR] /D:/IOE-DREAM/microservices/ioedream-video-service/src/main/java/net/lab1024/sa/video/domain/entity/VideoRecordingPlanEntity.java:[169,28] ')'
[ERROR] /D:/IOE-DREAM/microservices/ioedream-video-service/src/main/java/net/lab1024/sa/video/domain/entity/VideoRecordingPlanEntity.java:[169,31] 
[ERROR] /D:/IOE-DREAM/microservices/ioedream-video-service/src/main/java/net/lab1024/sa/video/domain/entity/VideoRecordingPlanEntity.java:[170,27] ')'
[ERROR] /D:/IOE-DREAM/microservices/ioedream-video-service/src/main/java/net/lab1024/sa/video/domain/entity/VideoRecordingPlanEntity.java:[170,30] 
[ERROR] /D:/IOE-DREAM/microservices/ioedream-video-service/src/main/java/net/lab1024/sa/video/domain/entity/VideoRecordingPlanEntity.java:[177,30]  '.class'
[ERROR] /D:/IOE-DREAM/microservices/ioedream-video-service/src/main/java/net/lab1024/sa/video/domain/entity/VideoRecordingPlanEntity.java:[177,42] ',', '}'';'
[ERROR] /D:/IOE-DREAM/microservices/ioedream-video-service/src/main/java/net/lab1024/sa/video/domain/entity/VideoRecordingPlanEntity.java:[177,78] ';'
[ERROR] /D:/IOE-DREAM/microservices/ioedream-video-service/src/main/java/net/lab1024/sa/video/domain/entity/VideoRecordingPlanEntity.java:[177,86] ',', '}'';'
[ERROR] -> [Help 1]
[ERROR] 
[ERROR] To see the full stack trace of the errors, re-run Maven with the -e switch.
[ERROR] Re-run Maven using the -X switch to enable full debug logging.
[ERROR] 
[ERROR] For more information about the errors and possible solutions, please read the following articles:
[ERROR] [Help 1] http://cwiki.apache.org/confluence/display/MAVEN/MojoFailureException
[ERROR] 
[ERROR] After correcting the problems, you can resume the build with the command
[ERROR]   mvn <args> -rf :ioedream-video-service
